{"/home/hemanth/projects/carbon-footprint-challenge/src/app/store.ts": {"path":"/home/hemanth/projects/carbon-footprint-challenge/src/app/store.ts","statementMap":{"0":{"start":{"line":30,"column":6},"end":{"line":30,"column":null}},"1":{"start":{"line":35,"column":2},"end":{"line":58,"column":null}},"2":{"start":{"line":62,"column":2},"end":{"line":93,"column":null}},"3":{"start":{"line":97,"column":2},"end":{"line":103,"column":null}},"4":{"start":{"line":107,"column":16},"end":{"line":107,"column":null}},"5":{"start":{"line":108,"column":78},"end":{"line":108,"column":null}},"6":{"start":{"line":109,"column":2},"end":{"line":117,"column":null}},"7":{"start":{"line":109,"column":33},"end":{"line":117,"column":4}},"8":{"start":{"line":121,"column":2},"end":{"line":140,"column":null}},"9":{"start":{"line":202,"column":13},"end":{"line":316,"column":null}},"10":{"start":{"line":202,"column":59},"end":{"line":316,"column":2}},"11":{"start":{"line":209,"column":4},"end":{"line":212,"column":null}},"12":{"start":{"line":210,"column":6},"end":{"line":210,"column":null}},"13":{"start":{"line":211,"column":6},"end":{"line":211,"column":null}},"14":{"start":{"line":213,"column":4},"end":{"line":213,"column":null}},"15":{"start":{"line":214,"column":4},"end":{"line":237,"column":null}},"16":{"start":{"line":215,"column":6},"end":{"line":236,"column":null}},"17":{"start":{"line":241,"column":4},"end":{"line":241,"column":null}},"18":{"start":{"line":242,"column":4},"end":{"line":242,"column":null}},"19":{"start":{"line":247,"column":33},"end":{"line":247,"column":null}},"20":{"start":{"line":249,"column":23},"end":{"line":249,"column":null}},"21":{"start":{"line":249,"column":39},"end":{"line":249,"column":85}},"22":{"start":{"line":255,"column":40},"end":{"line":262,"column":null}},"23":{"start":{"line":263,"column":4},"end":{"line":265,"column":null}},"24":{"start":{"line":263,"column":20},"end":{"line":265,"column":6}},"25":{"start":{"line":271,"column":4},"end":{"line":277,"column":null}},"26":{"start":{"line":271,"column":20},"end":{"line":277,"column":6}},"27":{"start":{"line":273,"column":8},"end":{"line":275,"column":null}},"28":{"start":{"line":284,"column":4},"end":{"line":288,"column":null}},"29":{"start":{"line":284,"column":20},"end":{"line":288,"column":6}},"30":{"start":{"line":286,"column":8},"end":{"line":286,"column":null}},"31":{"start":{"line":295,"column":24},"end":{"line":295,"column":null}},"32":{"start":{"line":296,"column":34},"end":{"line":302,"column":null}},"33":{"start":{"line":303,"column":4},"end":{"line":305,"column":null}},"34":{"start":{"line":303,"column":20},"end":{"line":305,"column":6}},"35":{"start":{"line":308,"column":31},"end":{"line":308,"column":null}},"36":{"start":{"line":315,"column":24},"end":{"line":315,"column":null}},"37":{"start":{"line":315,"column":40},"end":{"line":315,"column":70}}},"fnMap":{"0":{"name":"createDemoUser","decl":{"start":{"line":34,"column":9},"end":{"line":34,"column":32}},"loc":{"start":{"line":34,"column":32},"end":{"line":59,"column":null}},"line":34},"1":{"name":"createDemoChallenges","decl":{"start":{"line":61,"column":9},"end":{"line":61,"column":45}},"loc":{"start":{"line":61,"column":45},"end":{"line":94,"column":null}},"line":61},"2":{"name":"createDemoCommunityGroups","decl":{"start":{"line":96,"column":9},"end":{"line":96,"column":55}},"loc":{"start":{"line":96,"column":55},"end":{"line":104,"column":null}},"line":96},"3":{"name":"createDemoLeaderboard","decl":{"start":{"line":106,"column":9},"end":{"line":106,"column":53}},"loc":{"start":{"line":106,"column":53},"end":{"line":118,"column":null}},"line":106},"4":{"name":"(anonymous_4)","decl":{"start":{"line":109,"column":15},"end":{"line":109,"column":20}},"loc":{"start":{"line":109,"column":33},"end":{"line":117,"column":4}},"line":109},"5":{"name":"createDemoReports","decl":{"start":{"line":120,"column":9},"end":{"line":120,"column":53}},"loc":{"start":{"line":120,"column":53},"end":{"line":141,"column":null}},"line":120},"6":{"name":"(anonymous_6)","decl":{"start":{"line":202,"column":27},"end":{"line":202,"column":45}},"loc":{"start":{"line":202,"column":59},"end":{"line":316,"column":2}},"line":202},"7":{"name":"(anonymous_7)","decl":{"start":{"line":207,"column":2},"end":{"line":207,"column":15}},"loc":{"start":{"line":207,"column":15},"end":{"line":238,"column":null}},"line":207},"8":{"name":"(anonymous_8)","decl":{"start":{"line":214,"column":4},"end":{"line":214,"column":21}},"loc":{"start":{"line":214,"column":21},"end":{"line":237,"column":7}},"line":214},"9":{"name":"(anonymous_9)","decl":{"start":{"line":239,"column":2},"end":{"line":239,"column":16}},"loc":{"start":{"line":239,"column":16},"end":{"line":243,"column":null}},"line":239},"10":{"name":"(anonymous_10)","decl":{"start":{"line":247,"column":2},"end":{"line":247,"column":21}},"loc":{"start":{"line":247,"column":33},"end":{"line":247,"column":null}},"line":247},"11":{"name":"(anonymous_11)","decl":{"start":{"line":249,"column":2},"end":{"line":249,"column":23}},"loc":{"start":{"line":249,"column":23},"end":{"line":249,"column":null}},"line":249},"12":{"name":"(anonymous_12)","decl":{"start":{"line":249,"column":23},"end":{"line":249,"column":28}},"loc":{"start":{"line":249,"column":39},"end":{"line":249,"column":85}},"line":249},"13":{"name":"(anonymous_13)","decl":{"start":{"line":254,"column":2},"end":{"line":254,"column":16}},"loc":{"start":{"line":254,"column":29},"end":{"line":266,"column":null}},"line":254},"14":{"name":"(anonymous_14)","decl":{"start":{"line":263,"column":4},"end":{"line":263,"column":9}},"loc":{"start":{"line":263,"column":20},"end":{"line":265,"column":6}},"line":263},"15":{"name":"(anonymous_15)","decl":{"start":{"line":270,"column":2},"end":{"line":270,"column":18}},"loc":{"start":{"line":270,"column":34},"end":{"line":278,"column":null}},"line":270},"16":{"name":"(anonymous_16)","decl":{"start":{"line":271,"column":4},"end":{"line":271,"column":9}},"loc":{"start":{"line":271,"column":20},"end":{"line":277,"column":6}},"line":271},"17":{"name":"(anonymous_17)","decl":{"start":{"line":272,"column":35},"end":{"line":272,"column":40}},"loc":{"start":{"line":273,"column":8},"end":{"line":275,"column":null}},"line":273},"18":{"name":"(anonymous_18)","decl":{"start":{"line":283,"column":2},"end":{"line":283,"column":14}},"loc":{"start":{"line":283,"column":26},"end":{"line":289,"column":null}},"line":283},"19":{"name":"(anonymous_19)","decl":{"start":{"line":284,"column":4},"end":{"line":284,"column":9}},"loc":{"start":{"line":284,"column":20},"end":{"line":288,"column":6}},"line":284},"20":{"name":"(anonymous_20)","decl":{"start":{"line":285,"column":45},"end":{"line":285,"column":50}},"loc":{"start":{"line":286,"column":8},"end":{"line":286,"column":null}},"line":286},"21":{"name":"(anonymous_21)","decl":{"start":{"line":293,"column":2},"end":{"line":293,"column":19}},"loc":{"start":{"line":293,"column":50},"end":{"line":306,"column":null}},"line":293},"22":{"name":"(anonymous_22)","decl":{"start":{"line":303,"column":4},"end":{"line":303,"column":9}},"loc":{"start":{"line":303,"column":20},"end":{"line":305,"column":6}},"line":303},"23":{"name":"(anonymous_23)","decl":{"start":{"line":308,"column":2},"end":{"line":308,"column":19}},"loc":{"start":{"line":308,"column":31},"end":{"line":308,"column":null}},"line":308},"24":{"name":"(anonymous_24)","decl":{"start":{"line":315,"column":2},"end":{"line":315,"column":24}},"loc":{"start":{"line":315,"column":24},"end":{"line":315,"column":null}},"line":315},"25":{"name":"(anonymous_25)","decl":{"start":{"line":315,"column":24},"end":{"line":315,"column":29}},"loc":{"start":{"line":315,"column":40},"end":{"line":315,"column":70}},"line":315}},"branchMap":{"0":{"loc":{"start":{"line":209,"column":4},"end":{"line":212,"column":null}},"type":"if","locations":[{"start":{"line":209,"column":4},"end":{"line":212,"column":null}},{"start":{},"end":{}}],"line":209},"1":{"loc":{"start":{"line":261,"column":14},"end":{"line":261,"column":null}},"type":"binary-expr","locations":[{"start":{"line":261,"column":14},"end":{"line":261,"column":32}},{"start":{"line":261,"column":32},"end":{"line":261,"column":null}}],"line":261},"2":{"loc":{"start":{"line":273,"column":8},"end":{"line":275,"column":null}},"type":"cond-expr","locations":[{"start":{"line":274,"column":12},"end":{"line":274,"column":null}},{"start":{"line":275,"column":12},"end":{"line":275,"column":null}}],"line":273},"3":{"loc":{"start":{"line":286,"column":8},"end":{"line":286,"column":null}},"type":"cond-expr","locations":[{"start":{"line":286,"column":27},"end":{"line":286,"column":86}},{"start":{"line":286,"column":86},"end":{"line":286,"column":null}}],"line":286},"4":{"loc":{"start":{"line":295,"column":24},"end":{"line":295,"column":null}},"type":"cond-expr","locations":[{"start":{"line":295,"column":33},"end":{"line":295,"column":67}},{"start":{"line":295,"column":67},"end":{"line":295,"column":null}}],"line":295}},"s":{"0":2,"1":5,"2":5,"3":5,"4":5,"5":5,"6":5,"7":50,"8":5,"9":2,"10":2,"11":5,"12":0,"13":0,"14":5,"15":5,"16":5,"17":14,"18":14,"19":1,"20":1,"21":1,"22":1,"23":1,"24":1,"25":1,"26":1,"27":6,"28":1,"29":1,"30":5,"31":1,"32":1,"33":1,"34":1,"35":1,"36":1,"37":1},"f":{"0":5,"1":5,"2":5,"3":5,"4":50,"5":5,"6":2,"7":5,"8":5,"9":14,"10":1,"11":1,"12":1,"13":1,"14":1,"15":1,"16":1,"17":6,"18":1,"19":1,"20":5,"21":1,"22":1,"23":1,"24":1,"25":1},"b":{"0":[0,5],"1":[1,1],"2":[1,5],"3":[1,4],"4":[1,0]},"meta":{"lastBranch":5,"lastFunction":26,"lastStatement":38,"seen":{"s:30:6:30:Infinity":0,"f:34:9:34:32":0,"s:35:2:58:Infinity":1,"f:61:9:61:45":1,"s:62:2:93:Infinity":2,"f:96:9:96:55":2,"s:97:2:103:Infinity":3,"f:106:9:106:53":3,"s:107:16:107:Infinity":4,"s:108:78:108:Infinity":5,"s:109:2:117:Infinity":6,"f:109:15:109:20":4,"s:109:33:117:4":7,"f:120:9:120:53":5,"s:121:2:140:Infinity":8,"s:202:13:316:Infinity":9,"f:202:27:202:45":6,"s:202:59:316:2":10,"f:207:2:207:15":7,"b:209:4:212:Infinity:undefined:undefined:undefined:undefined":0,"s:209:4:212:Infinity":11,"s:210:6:210:Infinity":12,"s:211:6:211:Infinity":13,"s:213:4:213:Infinity":14,"s:214:4:237:Infinity":15,"f:214:4:214:21":8,"s:215:6:236:Infinity":16,"f:239:2:239:16":9,"s:241:4:241:Infinity":17,"s:242:4:242:Infinity":18,"f:247:2:247:21":10,"s:247:33:247:Infinity":19,"f:249:2:249:23":11,"s:249:23:249:Infinity":20,"f:249:23:249:28":12,"s:249:39:249:85":21,"f:254:2:254:16":13,"s:255:40:262:Infinity":22,"b:261:14:261:32:261:32:261:Infinity":1,"s:263:4:265:Infinity":23,"f:263:4:263:9":14,"s:263:20:265:6":24,"f:270:2:270:18":15,"s:271:4:277:Infinity":25,"f:271:4:271:9":16,"s:271:20:277:6":26,"f:272:35:272:40":17,"s:273:8:275:Infinity":27,"b:274:12:274:Infinity:275:12:275:Infinity":2,"f:283:2:283:14":18,"s:284:4:288:Infinity":28,"f:284:4:284:9":19,"s:284:20:288:6":29,"f:285:45:285:50":20,"s:286:8:286:Infinity":30,"b:286:27:286:86:286:86:286:Infinity":3,"f:293:2:293:19":21,"s:295:24:295:Infinity":31,"b:295:33:295:67:295:67:295:Infinity":4,"s:296:34:302:Infinity":32,"s:303:4:305:Infinity":33,"f:303:4:303:9":22,"s:303:20:305:6":34,"f:308:2:308:19":23,"s:308:31:308:Infinity":35,"f:315:2:315:24":24,"s:315:24:315:Infinity":36,"f:315:24:315:29":25,"s:315:40:315:70":37}}}
,"/home/hemanth/projects/carbon-footprint-challenge/src/services/aiCoach.ts": {"path":"/home/hemanth/projects/carbon-footprint-challenge/src/services/aiCoach.ts","statementMap":{"0":{"start":{"line":7,"column":83},"end":{"line":175,"column":null}},"1":{"start":{"line":187,"column":29},"end":{"line":187,"column":null}},"2":{"start":{"line":188,"column":2},"end":{"line":188,"column":null}},"3":{"start":{"line":188,"column":33},"end":{"line":188,"column":72}},"4":{"start":{"line":190,"column":23},"end":{"line":190,"column":null}},"5":{"start":{"line":193,"column":2},"end":{"line":195,"column":null}},"6":{"start":{"line":194,"column":4},"end":{"line":194,"column":null}},"7":{"start":{"line":196,"column":2},"end":{"line":198,"column":null}},"8":{"start":{"line":197,"column":4},"end":{"line":197,"column":null}},"9":{"start":{"line":199,"column":2},"end":{"line":201,"column":null}},"10":{"start":{"line":200,"column":4},"end":{"line":200,"column":null}},"11":{"start":{"line":202,"column":2},"end":{"line":204,"column":null}},"12":{"start":{"line":203,"column":4},"end":{"line":203,"column":null}},"13":{"start":{"line":206,"column":2},"end":{"line":206,"column":null}},"14":{"start":{"line":213,"column":47},"end":{"line":218,"column":null}},"15":{"start":{"line":219,"column":2},"end":{"line":219,"column":null}},"16":{"start":{"line":230,"column":2},"end":{"line":233,"column":null}}},"fnMap":{"0":{"name":"getCoachResponse","decl":{"start":{"line":183,"column":22},"end":{"line":183,"column":null}},"loc":{"start":{"line":185,"column":55},"end":{"line":207,"column":null}},"line":185},"1":{"name":"(anonymous_1)","decl":{"start":{"line":188,"column":12},"end":{"line":188,"column":21}},"loc":{"start":{"line":188,"column":33},"end":{"line":188,"column":72}},"line":188},"2":{"name":"generateChallengeDescription","decl":{"start":{"line":212,"column":16},"end":{"line":212,"column":45}},"loc":{"start":{"line":212,"column":71},"end":{"line":220,"column":null}},"line":212},"3":{"name":"generateReportSummary","decl":{"start":{"line":225,"column":16},"end":{"line":225,"column":null}},"loc":{"start":{"line":229,"column":10},"end":{"line":234,"column":null}},"line":229}},"branchMap":{"0":{"loc":{"start":{"line":193,"column":2},"end":{"line":195,"column":null}},"type":"if","locations":[{"start":{"line":193,"column":2},"end":{"line":195,"column":null}},{"start":{},"end":{}}],"line":193},"1":{"loc":{"start":{"line":193,"column":6},"end":{"line":193,"column":142}},"type":"binary-expr","locations":[{"start":{"line":193,"column":6},"end":{"line":193,"column":41}},{"start":{"line":193,"column":41},"end":{"line":193,"column":73}},{"start":{"line":193,"column":73},"end":{"line":193,"column":107}},{"start":{"line":193,"column":107},"end":{"line":193,"column":142}}],"line":193},"2":{"loc":{"start":{"line":196,"column":2},"end":{"line":198,"column":null}},"type":"if","locations":[{"start":{"line":196,"column":2},"end":{"line":198,"column":null}},{"start":{},"end":{}}],"line":196},"3":{"loc":{"start":{"line":196,"column":6},"end":{"line":196,"column":149}},"type":"binary-expr","locations":[{"start":{"line":196,"column":6},"end":{"line":196,"column":42}},{"start":{"line":196,"column":42},"end":{"line":196,"column":78}},{"start":{"line":196,"column":78},"end":{"line":196,"column":113}},{"start":{"line":196,"column":113},"end":{"line":196,"column":149}}],"line":196},"4":{"loc":{"start":{"line":199,"column":2},"end":{"line":201,"column":null}},"type":"if","locations":[{"start":{"line":199,"column":2},"end":{"line":201,"column":null}},{"start":{},"end":{}}],"line":199},"5":{"loc":{"start":{"line":199,"column":6},"end":{"line":199,"column":145}},"type":"binary-expr","locations":[{"start":{"line":199,"column":6},"end":{"line":199,"column":39}},{"start":{"line":199,"column":39},"end":{"line":199,"column":76}},{"start":{"line":199,"column":76},"end":{"line":199,"column":111}},{"start":{"line":199,"column":111},"end":{"line":199,"column":145}}],"line":199},"6":{"loc":{"start":{"line":202,"column":2},"end":{"line":204,"column":null}},"type":"if","locations":[{"start":{"line":202,"column":2},"end":{"line":204,"column":null}},{"start":{},"end":{}}],"line":202},"7":{"loc":{"start":{"line":202,"column":6},"end":{"line":202,"column":146}},"type":"binary-expr","locations":[{"start":{"line":202,"column":6},"end":{"line":202,"column":43}},{"start":{"line":202,"column":43},"end":{"line":202,"column":79}},{"start":{"line":202,"column":79},"end":{"line":202,"column":114}},{"start":{"line":202,"column":114},"end":{"line":202,"column":146}}],"line":202},"8":{"loc":{"start":{"line":219,"column":9},"end":{"line":219,"column":null}},"type":"binary-expr","locations":[{"start":{"line":219,"column":9},"end":{"line":219,"column":35}},{"start":{"line":219,"column":35},"end":{"line":219,"column":null}}],"line":219},"9":{"loc":{"start":{"line":230,"column":17},"end":{"line":230,"column":62}},"type":"cond-expr","locations":[{"start":{"line":230,"column":33},"end":{"line":230,"column":49}},{"start":{"line":230,"column":49},"end":{"line":230,"column":62}}],"line":230},"10":{"loc":{"start":{"line":230,"column":140},"end":{"line":232,"column":null}},"type":"cond-expr","locations":[{"start":{"line":231,"column":6},"end":{"line":231,"column":null}},{"start":{"line":232,"column":6},"end":{"line":232,"column":null}}],"line":230}},"s":{"0":2,"1":21,"2":21,"3":21,"4":21,"5":21,"6":5,"7":16,"8":5,"9":11,"10":4,"11":7,"12":4,"13":3,"14":10,"15":10,"16":8},"f":{"0":21,"1":21,"2":10,"3":8},"b":{"0":[5,16],"1":[21,18,17,16],"2":[5,11],"3":[16,13,12,12],"4":[4,7],"5":[11,8,7,7],"6":[4,3],"7":[7,4,3,3],"8":[10,3],"9":[6,2],"10":[6,2]},"meta":{"lastBranch":11,"lastFunction":4,"lastStatement":17,"seen":{"s:7:83:175:Infinity":0,"f:183:22:183:Infinity":0,"s:187:29:187:Infinity":1,"s:188:2:188:Infinity":2,"f:188:12:188:21":1,"s:188:33:188:72":3,"s:190:23:190:Infinity":4,"b:193:2:195:Infinity:undefined:undefined:undefined:undefined":0,"s:193:2:195:Infinity":5,"b:193:6:193:41:193:41:193:73:193:73:193:107:193:107:193:142":1,"s:194:4:194:Infinity":6,"b:196:2:198:Infinity:undefined:undefined:undefined:undefined":2,"s:196:2:198:Infinity":7,"b:196:6:196:42:196:42:196:78:196:78:196:113:196:113:196:149":3,"s:197:4:197:Infinity":8,"b:199:2:201:Infinity:undefined:undefined:undefined:undefined":4,"s:199:2:201:Infinity":9,"b:199:6:199:39:199:39:199:76:199:76:199:111:199:111:199:145":5,"s:200:4:200:Infinity":10,"b:202:2:204:Infinity:undefined:undefined:undefined:undefined":6,"s:202:2:204:Infinity":11,"b:202:6:202:43:202:43:202:79:202:79:202:114:202:114:202:146":7,"s:203:4:203:Infinity":12,"s:206:2:206:Infinity":13,"f:212:16:212:45":2,"s:213:47:218:Infinity":14,"s:219:2:219:Infinity":15,"b:219:9:219:35:219:35:219:Infinity":8,"f:225:16:225:Infinity":3,"s:230:2:233:Infinity":16,"b:230:33:230:49:230:49:230:62":9,"b:231:6:231:Infinity:232:6:232:Infinity":10}}}
,"/home/hemanth/projects/carbon-footprint-challenge/src/shared/constants/index.ts": {"path":"/home/hemanth/projects/carbon-footprint-challenge/src/shared/constants/index.ts","statementMap":{"0":{"start":{"line":9,"column":32},"end":{"line":47,"column":null}},"1":{"start":{"line":50,"column":83},"end":{"line":93,"column":null}},"2":{"start":{"line":96,"column":110},"end":{"line":102,"column":null}},"3":{"start":{"line":105,"column":31},"end":{"line":111,"column":null}},"4":{"start":{"line":114,"column":28},"end":{"line":114,"column":null}},"5":{"start":{"line":117,"column":37},"end":{"line":117,"column":null}},"6":{"start":{"line":118,"column":33},"end":{"line":118,"column":null}},"7":{"start":{"line":119,"column":30},"end":{"line":119,"column":null}},"8":{"start":{"line":120,"column":33},"end":{"line":120,"column":null}},"9":{"start":{"line":121,"column":28},"end":{"line":124,"column":null}},"10":{"start":{"line":127,"column":29},"end":{"line":132,"column":null}}},"fnMap":{},"branchMap":{"0":{"loc":{"start":{"line":114,"column":28},"end":{"line":114,"column":null}},"type":"binary-expr","locations":[{"start":{"line":114,"column":28},"end":{"line":114,"column":60}},{"start":{"line":114,"column":60},"end":{"line":114,"column":null}}],"line":114}},"s":{"0":6,"1":6,"2":6,"3":6,"4":6,"5":6,"6":6,"7":6,"8":6,"9":6,"10":6},"f":{},"b":{"0":[6,6]},"meta":{"lastBranch":1,"lastFunction":0,"lastStatement":11,"seen":{"s:9:32:47:Infinity":0,"s:50:83:93:Infinity":1,"s:96:110:102:Infinity":2,"s:105:31:111:Infinity":3,"s:114:28:114:Infinity":4,"b:114:28:114:60:114:60:114:Infinity":0,"s:117:37:117:Infinity":5,"s:118:33:118:Infinity":6,"s:119:30:119:Infinity":7,"s:120:33:120:Infinity":8,"s:121:28:124:Infinity":9,"s:127:29:132:Infinity":10}}}
,"/home/hemanth/projects/carbon-footprint-challenge/src/shared/utils/index.ts": {"path":"/home/hemanth/projects/carbon-footprint-challenge/src/shared/utils/index.ts","statementMap":{"0":{"start":{"line":25,"column":42},"end":{"line":32,"column":null}},"1":{"start":{"line":33,"column":2},"end":{"line":33,"column":null}},"2":{"start":{"line":41,"column":31},"end":{"line":41,"column":null}},"3":{"start":{"line":42,"column":32},"end":{"line":42,"column":null}},"4":{"start":{"line":44,"column":2},"end":{"line":50,"column":null}},"5":{"start":{"line":45,"column":4},"end":{"line":45,"column":null}},"6":{"start":{"line":46,"column":9},"end":{"line":50,"column":null}},"7":{"start":{"line":47,"column":4},"end":{"line":47,"column":null}},"8":{"start":{"line":49,"column":4},"end":{"line":49,"column":null}},"9":{"start":{"line":51,"column":2},"end":{"line":51,"column":null}},"10":{"start":{"line":60,"column":42},"end":{"line":65,"column":null}},"11":{"start":{"line":66,"column":2},"end":{"line":66,"column":null}},"12":{"start":{"line":81,"column":26},"end":{"line":81,"column":null}},"13":{"start":{"line":82,"column":31},"end":{"line":82,"column":null}},"14":{"start":{"line":84,"column":25},"end":{"line":86,"column":null}},"15":{"start":{"line":88,"column":27},"end":{"line":90,"column":null}},"16":{"start":{"line":92,"column":27},"end":{"line":94,"column":null}},"17":{"start":{"line":96,"column":20},"end":{"line":98,"column":null}},"18":{"start":{"line":101,"column":4},"end":{"line":104,"column":null}},"19":{"start":{"line":106,"column":2},"end":{"line":106,"column":null}},"20":{"start":{"line":115,"column":26},"end":{"line":115,"column":null}},"21":{"start":{"line":116,"column":2},"end":{"line":118,"column":null}},"22":{"start":{"line":117,"column":4},"end":{"line":117,"column":null}},"23":{"start":{"line":119,"column":2},"end":{"line":119,"column":null}},"24":{"start":{"line":126,"column":2},"end":{"line":126,"column":null}},"25":{"start":{"line":133,"column":2},"end":{"line":133,"column":null}},"26":{"start":{"line":140,"column":31},"end":{"line":140,"column":null}},"27":{"start":{"line":141,"column":2},"end":{"line":141,"column":null}},"28":{"start":{"line":148,"column":2},"end":{"line":148,"column":null}},"29":{"start":{"line":157,"column":33},"end":{"line":157,"column":null}},"30":{"start":{"line":158,"column":16},"end":{"line":158,"column":null}},"31":{"start":{"line":159,"column":24},"end":{"line":159,"column":null}},"32":{"start":{"line":160,"column":19},"end":{"line":160,"column":null}},"33":{"start":{"line":161,"column":23},"end":{"line":161,"column":null}},"34":{"start":{"line":163,"column":2},"end":{"line":190,"column":null}},"35":{"start":{"line":163,"column":15},"end":{"line":163,"column":25}},"36":{"start":{"line":164,"column":10},"end":{"line":164,"column":null}},"37":{"start":{"line":165,"column":10},"end":{"line":165,"column":null}},"38":{"start":{"line":166,"column":22},"end":{"line":166,"column":null}},"39":{"start":{"line":167,"column":27},"end":{"line":167,"column":null}},"40":{"start":{"line":168,"column":10},"end":{"line":168,"column":null}},"41":{"start":{"line":169,"column":25},"end":{"line":169,"column":null}},"42":{"start":{"line":171,"column":20},"end":{"line":171,"column":null}},"43":{"start":{"line":173,"column":56},"end":{"line":181,"column":null}},"44":{"start":{"line":183,"column":4},"end":{"line":189,"column":null}},"45":{"start":{"line":187,"column":50},"end":{"line":187,"column":76}},"46":{"start":{"line":191,"column":2},"end":{"line":191,"column":null}},"47":{"start":{"line":201,"column":34},"end":{"line":201,"column":null}},"48":{"start":{"line":202,"column":19},"end":{"line":202,"column":null}},"49":{"start":{"line":203,"column":16},"end":{"line":203,"column":null}},"50":{"start":{"line":203,"column":44},"end":{"line":203,"column":61}},"51":{"start":{"line":204,"column":16},"end":{"line":204,"column":null}},"52":{"start":{"line":205,"column":28},"end":{"line":205,"column":null}},"53":{"start":{"line":206,"column":27},"end":{"line":206,"column":null}},"54":{"start":{"line":208,"column":2},"end":{"line":223,"column":null}},"55":{"start":{"line":208,"column":15},"end":{"line":208,"column":18}},"56":{"start":{"line":209,"column":10},"end":{"line":209,"column":null}},"57":{"start":{"line":210,"column":18},"end":{"line":210,"column":null}},"58":{"start":{"line":211,"column":27},"end":{"line":211,"column":null}},"59":{"start":{"line":212,"column":24},"end":{"line":212,"column":null}},"60":{"start":{"line":213,"column":24},"end":{"line":213,"column":null}},"61":{"start":{"line":214,"column":23},"end":{"line":214,"column":null}},"62":{"start":{"line":216,"column":4},"end":{"line":222,"column":null}},"63":{"start":{"line":224,"column":2},"end":{"line":224,"column":null}},"64":{"start":{"line":235,"column":22},"end":{"line":235,"column":null}},"65":{"start":{"line":236,"column":28},"end":{"line":236,"column":null}},"66":{"start":{"line":237,"column":22},"end":{"line":237,"column":null}},"67":{"start":{"line":238,"column":22},"end":{"line":238,"column":null}},"68":{"start":{"line":240,"column":19},"end":{"line":244,"column":null}},"69":{"start":{"line":240,"column":57},"end":{"line":244,"column":4}},"70":{"start":{"line":246,"column":2},"end":{"line":256,"column":null}},"71":{"start":{"line":262,"column":17},"end":{"line":262,"column":null}},"72":{"start":{"line":263,"column":2},"end":{"line":263,"column":null}},"73":{"start":{"line":267,"column":2},"end":{"line":267,"column":null}},"74":{"start":{"line":271,"column":8},"end":{"line":271,"column":null}},"75":{"start":{"line":272,"column":2},"end":{"line":275,"column":null}},"76":{"start":{"line":279,"column":2},"end":{"line":279,"column":null}},"77":{"start":{"line":283,"column":2},"end":{"line":283,"column":null}}},"fnMap":{"0":{"name":"calculateTransportEmissions","decl":{"start":{"line":21,"column":16},"end":{"line":21,"column":null}},"loc":{"start":{"line":24,"column":10},"end":{"line":34,"column":null}},"line":24},"1":{"name":"calculateFlightEmissions","decl":{"start":{"line":39,"column":16},"end":{"line":39,"column":41}},"loc":{"start":{"line":39,"column":69},"end":{"line":52,"column":null}},"line":39},"2":{"name":"calculateMealEmissions","decl":{"start":{"line":57,"column":16},"end":{"line":57,"column":null}},"loc":{"start":{"line":59,"column":10},"end":{"line":67,"column":null}},"line":59},"3":{"name":"calculateSustainabilityScore","decl":{"start":{"line":74,"column":16},"end":{"line":74,"column":45}},"loc":{"start":{"line":80,"column":11},"end":{"line":107,"column":null}},"line":80},"4":{"name":"formatCarbonAmount","decl":{"start":{"line":114,"column":16},"end":{"line":114,"column":35}},"loc":{"start":{"line":114,"column":55},"end":{"line":120,"column":null}},"line":114},"5":{"name":"formatPercent","decl":{"start":{"line":125,"column":16},"end":{"line":125,"column":30}},"loc":{"start":{"line":125,"column":53},"end":{"line":127,"column":null}},"line":125},"6":{"name":"formatDate","decl":{"start":{"line":132,"column":16},"end":{"line":132,"column":27}},"loc":{"start":{"line":132,"column":79},"end":{"line":134,"column":null}},"line":132},"7":{"name":"kgToTrees","decl":{"start":{"line":139,"column":16},"end":{"line":139,"column":26}},"loc":{"start":{"line":139,"column":46},"end":{"line":142,"column":null}},"line":139},"8":{"name":"kgToDrivingKm","decl":{"start":{"line":147,"column":16},"end":{"line":147,"column":30}},"loc":{"start":{"line":147,"column":50},"end":{"line":149,"column":null}},"line":147},"9":{"name":"generateDemoFootprintData","decl":{"start":{"line":156,"column":16},"end":{"line":156,"column":42}},"loc":{"start":{"line":156,"column":74},"end":{"line":192,"column":null}},"line":156},"10":{"name":"(anonymous_10)","decl":{"start":{"line":187,"column":34},"end":{"line":187,"column":39}},"loc":{"start":{"line":187,"column":50},"end":{"line":187,"column":76}},"line":187},"11":{"name":"generateDemoForecast","decl":{"start":{"line":197,"column":16},"end":{"line":197,"column":null}},"loc":{"start":{"line":200,"column":19},"end":{"line":225,"column":null}},"line":200},"12":{"name":"(anonymous_12)","decl":{"start":{"line":203,"column":25},"end":{"line":203,"column":33}},"loc":{"start":{"line":203,"column":44},"end":{"line":203,"column":61}},"line":203},"13":{"name":"generateSimulationResult","decl":{"start":{"line":230,"column":16},"end":{"line":230,"column":null}},"loc":{"start":{"line":234,"column":20},"end":{"line":257,"column":null}},"line":234},"14":{"name":"(anonymous_14)","decl":{"start":{"line":240,"column":43},"end":{"line":240,"column":47}},"loc":{"start":{"line":240,"column":57},"end":{"line":244,"column":4}},"line":240},"15":{"name":"roundToDecimals","decl":{"start":{"line":261,"column":16},"end":{"line":261,"column":32}},"loc":{"start":{"line":261,"column":73},"end":{"line":264,"column":null}},"line":261},"16":{"name":"clamp","decl":{"start":{"line":266,"column":16},"end":{"line":266,"column":22}},"loc":{"start":{"line":266,"column":71},"end":{"line":268,"column":null}},"line":266},"17":{"name":"getWeekRange","decl":{"start":{"line":270,"column":16},"end":{"line":270,"column":29}},"loc":{"start":{"line":270,"column":78},"end":{"line":276,"column":null}},"line":270},"18":{"name":"getDaysBetween","decl":{"start":{"line":278,"column":16},"end":{"line":278,"column":31}},"loc":{"start":{"line":278,"column":75},"end":{"line":280,"column":null}},"line":278},"19":{"name":"generateId","decl":{"start":{"line":282,"column":16},"end":{"line":282,"column":37}},"loc":{"start":{"line":282,"column":37},"end":{"line":284,"column":null}},"line":282}},"branchMap":{"0":{"loc":{"start":{"line":33,"column":39},"end":{"line":33,"column":60}},"type":"binary-expr","locations":[{"start":{"line":33,"column":39},"end":{"line":33,"column":56}},{"start":{"line":33,"column":56},"end":{"line":33,"column":60}}],"line":33},"1":{"loc":{"start":{"line":44,"column":2},"end":{"line":50,"column":null}},"type":"if","locations":[{"start":{"line":44,"column":2},"end":{"line":50,"column":null}},{"start":{"line":46,"column":9},"end":{"line":50,"column":null}}],"line":44},"2":{"loc":{"start":{"line":46,"column":9},"end":{"line":50,"column":null}},"type":"if","locations":[{"start":{"line":46,"column":9},"end":{"line":50,"column":null}},{"start":{"line":48,"column":9},"end":{"line":50,"column":null}}],"line":46},"3":{"loc":{"start":{"line":66,"column":9},"end":{"line":66,"column":null}},"type":"binary-expr","locations":[{"start":{"line":66,"column":9},"end":{"line":66,"column":30}},{"start":{"line":66,"column":30},"end":{"line":66,"column":null}}],"line":66},"4":{"loc":{"start":{"line":96,"column":20},"end":{"line":98,"column":null}},"type":"cond-expr","locations":[{"start":{"line":97,"column":7},"end":{"line":97,"column":null}},{"start":{"line":98,"column":6},"end":{"line":98,"column":null}}],"line":96},"5":{"loc":{"start":{"line":116,"column":2},"end":{"line":118,"column":null}},"type":"if","locations":[{"start":{"line":116,"column":2},"end":{"line":118,"column":null}},{"start":{},"end":{}}],"line":116},"6":{"loc":{"start":{"line":126,"column":12},"end":{"line":126,"column":36}},"type":"cond-expr","locations":[{"start":{"line":126,"column":25},"end":{"line":126,"column":31}},{"start":{"line":126,"column":31},"end":{"line":126,"column":36}}],"line":126},"7":{"loc":{"start":{"line":132,"column":44},"end":{"line":132,"column":79}},"type":"default-arg","locations":[{"start":{"line":132,"column":56},"end":{"line":132,"column":79}}],"line":132},"8":{"loc":{"start":{"line":166,"column":22},"end":{"line":166,"column":null}},"type":"binary-expr","locations":[{"start":{"line":166,"column":22},"end":{"line":166,"column":41}},{"start":{"line":166,"column":41},"end":{"line":166,"column":null}}],"line":166},"9":{"loc":{"start":{"line":169,"column":25},"end":{"line":169,"column":null}},"type":"cond-expr","locations":[{"start":{"line":169,"column":37},"end":{"line":169,"column":41}},{"start":{"line":169,"column":41},"end":{"line":169,"column":null}}],"line":169},"10":{"loc":{"start":{"line":175,"column":15},"end":{"line":175,"column":null}},"type":"cond-expr","locations":[{"start":{"line":175,"column":38},"end":{"line":175,"column":54}},{"start":{"line":175,"column":54},"end":{"line":175,"column":null}}],"line":175},"11":{"loc":{"start":{"line":178,"column":16},"end":{"line":178,"column":null}},"type":"cond-expr","locations":[{"start":{"line":178,"column":38},"end":{"line":178,"column":54}},{"start":{"line":178,"column":54},"end":{"line":178,"column":null}}],"line":178}},"s":{"0":18,"1":18,"2":11,"3":11,"4":11,"5":6,"6":5,"7":2,"8":3,"9":11,"10":18,"11":18,"12":15,"13":15,"14":15,"15":15,"16":15,"17":15,"18":15,"19":15,"20":10,"21":10,"22":4,"23":6,"24":6,"25":4,"26":8,"27":8,"28":6,"29":18,"30":18,"31":18,"32":18,"33":18,"34":18,"35":18,"36":702,"37":702,"38":702,"39":702,"40":702,"41":702,"42":702,"43":702,"44":702,"45":4914,"46":702,"47":7,"48":7,"49":7,"50":210,"51":7,"52":7,"53":7,"54":7,"55":7,"56":170,"57":170,"58":170,"59":170,"60":170,"61":170,"62":170,"63":7,"64":7,"65":7,"66":7,"67":7,"68":7,"69":84,"70":7,"71":6603,"72":6603,"73":10,"74":2,"75":2,"76":5,"77":14},"f":{"0":18,"1":11,"2":18,"3":15,"4":10,"5":6,"6":4,"7":8,"8":6,"9":18,"10":4914,"11":7,"12":210,"13":7,"14":84,"15":6603,"16":10,"17":2,"18":5,"19":14},"b":{"0":[18,0],"1":[6,5],"2":[2,3],"3":[18,0],"4":[13,2],"5":[4,6],"6":[4,2],"7":[4],"8":[702,601],"9":[199,503],"10":[31,671],"11":[202,500]},"meta":{"lastBranch":12,"lastFunction":20,"lastStatement":78,"seen":{"f:21:16:21:Infinity":0,"s:25:42:32:Infinity":0,"s:33:2:33:Infinity":1,"b:33:39:33:56:33:56:33:60":0,"f:39:16:39:41":1,"s:41:31:41:Infinity":2,"s:42:32:42:Infinity":3,"b:44:2:50:Infinity:46:9:50:Infinity":1,"s:44:2:50:Infinity":4,"s:45:4:45:Infinity":5,"b:46:9:50:Infinity:48:9:50:Infinity":2,"s:46:9:50:Infinity":6,"s:47:4:47:Infinity":7,"s:49:4:49:Infinity":8,"s:51:2:51:Infinity":9,"f:57:16:57:Infinity":2,"s:60:42:65:Infinity":10,"s:66:2:66:Infinity":11,"b:66:9:66:30:66:30:66:Infinity":3,"f:74:16:74:45":3,"s:81:26:81:Infinity":12,"s:82:31:82:Infinity":13,"s:84:25:86:Infinity":14,"s:88:27:90:Infinity":15,"s:92:27:94:Infinity":16,"s:96:20:98:Infinity":17,"b:97:7:97:Infinity:98:6:98:Infinity":4,"s:101:4:104:Infinity":18,"s:106:2:106:Infinity":19,"f:114:16:114:35":4,"s:115:26:115:Infinity":20,"b:116:2:118:Infinity:undefined:undefined:undefined:undefined":5,"s:116:2:118:Infinity":21,"s:117:4:117:Infinity":22,"s:119:2:119:Infinity":23,"f:125:16:125:30":5,"s:126:2:126:Infinity":24,"b:126:25:126:31:126:31:126:36":6,"f:132:16:132:27":6,"b:132:56:132:79":7,"s:133:2:133:Infinity":25,"f:139:16:139:26":7,"s:140:31:140:Infinity":26,"s:141:2:141:Infinity":27,"f:147:16:147:30":8,"s:148:2:148:Infinity":28,"f:156:16:156:42":9,"s:157:33:157:Infinity":29,"s:158:16:158:Infinity":30,"s:159:24:159:Infinity":31,"s:160:19:160:Infinity":32,"s:161:23:161:Infinity":33,"s:163:2:190:Infinity":34,"s:163:15:163:25":35,"s:164:10:164:Infinity":36,"s:165:10:165:Infinity":37,"s:166:22:166:Infinity":38,"b:166:22:166:41:166:41:166:Infinity":8,"s:167:27:167:Infinity":39,"s:168:10:168:Infinity":40,"s:169:25:169:Infinity":41,"b:169:37:169:41:169:41:169:Infinity":9,"s:171:20:171:Infinity":42,"s:173:56:181:Infinity":43,"b:175:38:175:54:175:54:175:Infinity":10,"b:178:38:178:54:178:54:178:Infinity":11,"s:183:4:189:Infinity":44,"f:187:34:187:39":10,"s:187:50:187:76":45,"s:191:2:191:Infinity":46,"f:197:16:197:Infinity":11,"s:201:34:201:Infinity":47,"s:202:19:202:Infinity":48,"s:203:16:203:Infinity":49,"f:203:25:203:33":12,"s:203:44:203:61":50,"s:204:16:204:Infinity":51,"s:205:28:205:Infinity":52,"s:206:27:206:Infinity":53,"s:208:2:223:Infinity":54,"s:208:15:208:18":55,"s:209:10:209:Infinity":56,"s:210:18:210:Infinity":57,"s:211:27:211:Infinity":58,"s:212:24:212:Infinity":59,"s:213:24:213:Infinity":60,"s:214:23:214:Infinity":61,"s:216:4:222:Infinity":62,"s:224:2:224:Infinity":63,"f:230:16:230:Infinity":13,"s:235:22:235:Infinity":64,"s:236:28:236:Infinity":65,"s:237:22:237:Infinity":66,"s:238:22:238:Infinity":67,"s:240:19:244:Infinity":68,"f:240:43:240:47":14,"s:240:57:244:4":69,"s:246:2:256:Infinity":70,"f:261:16:261:32":15,"s:262:17:262:Infinity":71,"s:263:2:263:Infinity":72,"f:266:16:266:22":16,"s:267:2:267:Infinity":73,"f:270:16:270:29":17,"s:271:8:271:Infinity":74,"s:272:2:275:Infinity":75,"f:278:16:278:31":18,"s:279:2:279:Infinity":76,"f:282:16:282:37":19,"s:283:2:283:Infinity":77}}}
,"/home/hemanth/projects/carbon-footprint-challenge/src/shared/utils/performance.ts": {"path":"/home/hemanth/projects/carbon-footprint-challenge/src/shared/utils/performance.ts","statementMap":{"0":{"start":{"line":15,"column":52},"end":{"line":15,"column":null}},"1":{"start":{"line":17,"column":2},"end":{"line":23,"column":null}},"2":{"start":{"line":18,"column":4},"end":{"line":18,"column":null}},"3":{"start":{"line":18,"column":24},"end":{"line":18,"column":null}},"4":{"start":{"line":19,"column":4},"end":{"line":22,"column":null}},"5":{"start":{"line":20,"column":6},"end":{"line":20,"column":null}},"6":{"start":{"line":21,"column":6},"end":{"line":21,"column":null}},"7":{"start":{"line":34,"column":17},"end":{"line":34,"column":null}},"8":{"start":{"line":36,"column":2},"end":{"line":42,"column":null}},"9":{"start":{"line":37,"column":16},"end":{"line":37,"column":null}},"10":{"start":{"line":38,"column":4},"end":{"line":41,"column":null}},"11":{"start":{"line":39,"column":6},"end":{"line":39,"column":null}},"12":{"start":{"line":40,"column":6},"end":{"line":40,"column":null}},"13":{"start":{"line":56,"column":16},"end":{"line":56,"column":null}},"14":{"start":{"line":58,"column":2},"end":{"line":70,"column":null}},"15":{"start":{"line":59,"column":16},"end":{"line":59,"column":null}},"16":{"start":{"line":60,"column":4},"end":{"line":62,"column":null}},"17":{"start":{"line":61,"column":6},"end":{"line":61,"column":null}},"18":{"start":{"line":63,"column":19},"end":{"line":63,"column":null}},"19":{"start":{"line":65,"column":4},"end":{"line":67,"column":null}},"20":{"start":{"line":66,"column":6},"end":{"line":66,"column":null}},"21":{"start":{"line":68,"column":4},"end":{"line":68,"column":null}},"22":{"start":{"line":69,"column":4},"end":{"line":69,"column":null}},"23":{"start":{"line":81,"column":2},"end":{"line":81,"column":null}},"24":{"start":{"line":81,"column":28},"end":{"line":81,"column":null}},"25":{"start":{"line":83,"column":16},"end":{"line":83,"column":null}},"26":{"start":{"line":84,"column":17},"end":{"line":84,"column":null}},"27":{"start":{"line":85,"column":19},"end":{"line":85,"column":null}},"28":{"start":{"line":87,"column":2},"end":{"line":89,"column":null}},"29":{"start":{"line":88,"column":4},"end":{"line":88,"column":null}},"30":{"start":{"line":91,"column":2},"end":{"line":91,"column":null}},"31":{"start":{"line":99,"column":2},"end":{"line":99,"column":null}}},"fnMap":{"0":{"name":"debounce","decl":{"start":{"line":11,"column":16},"end":{"line":11,"column":null}},"loc":{"start":{"line":14,"column":36},"end":{"line":24,"column":null}},"line":14},"1":{"name":"(anonymous_1)","decl":{"start":{"line":17,"column":2},"end":{"line":17,"column":10}},"loc":{"start":{"line":17,"column":43},"end":{"line":23,"column":null}},"line":17},"2":{"name":"(anonymous_2)","decl":{"start":{"line":19,"column":12},"end":{"line":19,"column":29}},"loc":{"start":{"line":19,"column":29},"end":{"line":22,"column":7}},"line":19},"3":{"name":"throttle","decl":{"start":{"line":30,"column":16},"end":{"line":30,"column":null}},"loc":{"start":{"line":33,"column":36},"end":{"line":43,"column":null}},"line":33},"4":{"name":"(anonymous_4)","decl":{"start":{"line":36,"column":2},"end":{"line":36,"column":10}},"loc":{"start":{"line":36,"column":43},"end":{"line":42,"column":null}},"line":36},"5":{"name":"memoize","decl":{"start":{"line":52,"column":16},"end":{"line":52,"column":null}},"loc":{"start":{"line":55,"column":5},"end":{"line":71,"column":null}},"line":55},"6":{"name":"(anonymous_6)","decl":{"start":{"line":58,"column":2},"end":{"line":58,"column":11}},"loc":{"start":{"line":58,"column":53},"end":{"line":70,"column":null}},"line":58},"7":{"name":"measurePerformance","decl":{"start":{"line":80,"column":16},"end":{"line":80,"column":38}},"loc":{"start":{"line":80,"column":69},"end":{"line":92,"column":null}},"line":80},"8":{"name":"batchRead","decl":{"start":{"line":98,"column":16},"end":{"line":98,"column":26}},"loc":{"start":{"line":98,"column":54},"end":{"line":100,"column":null}},"line":98}},"branchMap":{"0":{"loc":{"start":{"line":18,"column":4},"end":{"line":18,"column":null}},"type":"if","locations":[{"start":{"line":18,"column":4},"end":{"line":18,"column":null}},{"start":{},"end":{}}],"line":18},"1":{"loc":{"start":{"line":38,"column":4},"end":{"line":41,"column":null}},"type":"if","locations":[{"start":{"line":38,"column":4},"end":{"line":41,"column":null}},{"start":{},"end":{}}],"line":38},"2":{"loc":{"start":{"line":54,"column":2},"end":{"line":54,"column":null}},"type":"default-arg","locations":[{"start":{"line":54,"column":12},"end":{"line":54,"column":null}}],"line":54},"3":{"loc":{"start":{"line":60,"column":4},"end":{"line":62,"column":null}},"type":"if","locations":[{"start":{"line":60,"column":4},"end":{"line":62,"column":null}},{"start":{},"end":{}}],"line":60},"4":{"loc":{"start":{"line":65,"column":4},"end":{"line":67,"column":null}},"type":"if","locations":[{"start":{"line":65,"column":4},"end":{"line":67,"column":null}},{"start":{},"end":{}}],"line":65},"5":{"loc":{"start":{"line":81,"column":2},"end":{"line":81,"column":null}},"type":"if","locations":[{"start":{"line":81,"column":2},"end":{"line":81,"column":null}},{"start":{},"end":{}}],"line":81},"6":{"loc":{"start":{"line":87,"column":2},"end":{"line":89,"column":null}},"type":"if","locations":[{"start":{"line":87,"column":2},"end":{"line":89,"column":null}},{"start":{},"end":{}}],"line":87}},"s":{"0":4,"1":4,"2":7,"3":3,"4":7,"5":4,"6":4,"7":4,"8":4,"9":7,"10":7,"11":5,"12":5,"13":5,"14":5,"15":14,"16":14,"17":3,"18":11,"19":11,"20":2,"21":11,"22":11,"23":4,"24":0,"25":4,"26":4,"27":4,"28":4,"29":0,"30":3,"31":2},"f":{"0":4,"1":7,"2":4,"3":4,"4":7,"5":5,"6":14,"7":4,"8":2},"b":{"0":[3,4],"1":[5,2],"2":[5],"3":[3,11],"4":[2,9],"5":[0,4],"6":[0,4]},"meta":{"lastBranch":7,"lastFunction":9,"lastStatement":32,"seen":{"f:11:16:11:Infinity":0,"s:15:52:15:Infinity":0,"s:17:2:23:Infinity":1,"f:17:2:17:10":1,"b:18:4:18:Infinity:undefined:undefined:undefined:undefined":0,"s:18:4:18:Infinity":2,"s:18:24:18:Infinity":3,"s:19:4:22:Infinity":4,"f:19:12:19:29":2,"s:20:6:20:Infinity":5,"s:21:6:21:Infinity":6,"f:30:16:30:Infinity":3,"s:34:17:34:Infinity":7,"s:36:2:42:Infinity":8,"f:36:2:36:10":4,"s:37:16:37:Infinity":9,"b:38:4:41:Infinity:undefined:undefined:undefined:undefined":1,"s:38:4:41:Infinity":10,"s:39:6:39:Infinity":11,"s:40:6:40:Infinity":12,"f:52:16:52:Infinity":5,"b:54:12:54:Infinity":2,"s:56:16:56:Infinity":13,"s:58:2:70:Infinity":14,"f:58:2:58:11":6,"s:59:16:59:Infinity":15,"b:60:4:62:Infinity:undefined:undefined:undefined:undefined":3,"s:60:4:62:Infinity":16,"s:61:6:61:Infinity":17,"s:63:19:63:Infinity":18,"b:65:4:67:Infinity:undefined:undefined:undefined:undefined":4,"s:65:4:67:Infinity":19,"s:66:6:66:Infinity":20,"s:68:4:68:Infinity":21,"s:69:4:69:Infinity":22,"f:80:16:80:38":7,"b:81:2:81:Infinity:undefined:undefined:undefined:undefined":5,"s:81:2:81:Infinity":23,"s:81:28:81:Infinity":24,"s:83:16:83:Infinity":25,"s:84:17:84:Infinity":26,"s:85:19:85:Infinity":27,"b:87:2:89:Infinity:undefined:undefined:undefined:undefined":6,"s:87:2:89:Infinity":28,"s:88:4:88:Infinity":29,"s:91:2:91:Infinity":30,"f:98:16:98:26":8,"s:99:2:99:Infinity":31}}}
,"/home/hemanth/projects/carbon-footprint-challenge/src/shared/utils/security.ts": {"path":"/home/hemanth/projects/carbon-footprint-challenge/src/shared/utils/security.ts","statementMap":{"0":{"start":{"line":7,"column":48},"end":{"line":15,"column":null}},"1":{"start":{"line":17,"column":26},"end":{"line":17,"column":null}},"2":{"start":{"line":24,"column":2},"end":{"line":24,"column":null}},"3":{"start":{"line":24,"column":34},"end":{"line":24,"column":null}},"4":{"start":{"line":25,"column":2},"end":{"line":25,"column":null}},"5":{"start":{"line":25,"column":53},"end":{"line":25,"column":82}},"6":{"start":{"line":33,"column":2},"end":{"line":33,"column":null}},"7":{"start":{"line":33,"column":33},"end":{"line":33,"column":null}},"8":{"start":{"line":36,"column":2},"end":{"line":36,"column":null}},"9":{"start":{"line":49,"column":14},"end":{"line":49,"column":null}},"10":{"start":{"line":50,"column":2},"end":{"line":50,"column":null}},"11":{"start":{"line":50,"column":29},"end":{"line":50,"column":null}},"12":{"start":{"line":51,"column":2},"end":{"line":51,"column":null}},"13":{"start":{"line":58,"column":2},"end":{"line":58,"column":null}},"14":{"start":{"line":58,"column":33},"end":{"line":58,"column":null}},"15":{"start":{"line":59,"column":18},"end":{"line":59,"column":null}},"16":{"start":{"line":60,"column":2},"end":{"line":60,"column":null}},"17":{"start":{"line":68,"column":29},"end":{"line":68,"column":null}},"18":{"start":{"line":70,"column":2},"end":{"line":86,"column":null}},"19":{"start":{"line":72,"column":18},"end":{"line":72,"column":null}},"20":{"start":{"line":74,"column":6},"end":{"line":76,"column":null}},"21":{"start":{"line":75,"column":8},"end":{"line":75,"column":null}},"22":{"start":{"line":77,"column":6},"end":{"line":79,"column":null}},"23":{"start":{"line":78,"column":8},"end":{"line":78,"column":null}},"24":{"start":{"line":80,"column":6},"end":{"line":80,"column":null}},"25":{"start":{"line":81,"column":6},"end":{"line":81,"column":null}},"26":{"start":{"line":84,"column":6},"end":{"line":84,"column":null}},"27":{"start":{"line":94,"column":2},"end":{"line":94,"column":null}},"28":{"start":{"line":94,"column":32},"end":{"line":94,"column":null}},"29":{"start":{"line":97,"column":13},"end":{"line":97,"column":null}},"30":{"start":{"line":100,"column":2},"end":{"line":111,"column":null}},"31":{"start":{"line":106,"column":20},"end":{"line":106,"column":null}},"32":{"start":{"line":106,"column":64},"end":{"line":106,"column":72}},"33":{"start":{"line":107,"column":6},"end":{"line":107,"column":null}},"34":{"start":{"line":107,"column":59},"end":{"line":107,"column":78}},"35":{"start":{"line":113,"column":2},"end":{"line":113,"column":null}}},"fnMap":{"0":{"name":"escapeHtml","decl":{"start":{"line":23,"column":16},"end":{"line":23,"column":27}},"loc":{"start":{"line":23,"column":51},"end":{"line":26,"column":null}},"line":23},"1":{"name":"(anonymous_1)","decl":{"start":{"line":25,"column":24},"end":{"line":25,"column":44}},"loc":{"start":{"line":25,"column":53},"end":{"line":25,"column":82}},"line":25},"2":{"name":"sanitizeInput","decl":{"start":{"line":32,"column":16},"end":{"line":32,"column":30}},"loc":{"start":{"line":32,"column":53},"end":{"line":37,"column":null}},"line":32},"3":{"name":"sanitizeNumber","decl":{"start":{"line":43,"column":16},"end":{"line":43,"column":null}},"loc":{"start":{"line":48,"column":10},"end":{"line":52,"column":null}},"line":48},"4":{"name":"isValidEmail","decl":{"start":{"line":57,"column":16},"end":{"line":57,"column":29}},"loc":{"start":{"line":57,"column":53},"end":{"line":61,"column":null}},"line":57},"5":{"name":"createRateLimiter","decl":{"start":{"line":67,"column":16},"end":{"line":67,"column":34}},"loc":{"start":{"line":67,"column":73},"end":{"line":87,"column":null}},"line":67},"6":{"name":"tryAction","decl":{"start":{"line":71,"column":4},"end":{"line":71,"column":25}},"loc":{"start":{"line":71,"column":25},"end":{"line":82,"column":null}},"line":71},"7":{"name":"reset","decl":{"start":{"line":83,"column":4},"end":{"line":83,"column":18}},"loc":{"start":{"line":83,"column":18},"end":{"line":85,"column":null}},"line":83},"8":{"name":"safeMarkdownToHtml","decl":{"start":{"line":93,"column":16},"end":{"line":93,"column":35}},"loc":{"start":{"line":93,"column":57},"end":{"line":114,"column":null}},"line":93},"9":{"name":"(anonymous_9)","decl":{"start":{"line":105,"column":13},"end":{"line":105,"column":29}},"loc":{"start":{"line":105,"column":39},"end":{"line":108,"column":5}},"line":105},"10":{"name":"(anonymous_10)","decl":{"start":{"line":106,"column":53},"end":{"line":106,"column":58}},"loc":{"start":{"line":106,"column":64},"end":{"line":106,"column":72}},"line":106},"11":{"name":"(anonymous_11)","decl":{"start":{"line":107,"column":48},"end":{"line":107,"column":53}},"loc":{"start":{"line":107,"column":59},"end":{"line":107,"column":78}},"line":107}},"branchMap":{"0":{"loc":{"start":{"line":24,"column":2},"end":{"line":24,"column":null}},"type":"if","locations":[{"start":{"line":24,"column":2},"end":{"line":24,"column":null}},{"start":{},"end":{}}],"line":24},"1":{"loc":{"start":{"line":25,"column":53},"end":{"line":25,"column":82}},"type":"binary-expr","locations":[{"start":{"line":25,"column":53},"end":{"line":25,"column":78}},{"start":{"line":25,"column":78},"end":{"line":25,"column":82}}],"line":25},"2":{"loc":{"start":{"line":33,"column":2},"end":{"line":33,"column":null}},"type":"if","locations":[{"start":{"line":33,"column":2},"end":{"line":33,"column":null}},{"start":{},"end":{}}],"line":33},"3":{"loc":{"start":{"line":49,"column":14},"end":{"line":49,"column":null}},"type":"cond-expr","locations":[{"start":{"line":49,"column":42},"end":{"line":49,"column":62}},{"start":{"line":49,"column":62},"end":{"line":49,"column":null}}],"line":49},"4":{"loc":{"start":{"line":50,"column":2},"end":{"line":50,"column":null}},"type":"if","locations":[{"start":{"line":50,"column":2},"end":{"line":50,"column":null}},{"start":{},"end":{}}],"line":50},"5":{"loc":{"start":{"line":58,"column":2},"end":{"line":58,"column":null}},"type":"if","locations":[{"start":{"line":58,"column":2},"end":{"line":58,"column":null}},{"start":{},"end":{}}],"line":58},"6":{"loc":{"start":{"line":60,"column":9},"end":{"line":60,"column":null}},"type":"binary-expr","locations":[{"start":{"line":60,"column":9},"end":{"line":60,"column":32}},{"start":{"line":60,"column":32},"end":{"line":60,"column":null}}],"line":60},"7":{"loc":{"start":{"line":74,"column":13},"end":{"line":74,"column":66}},"type":"binary-expr","locations":[{"start":{"line":74,"column":13},"end":{"line":74,"column":36}},{"start":{"line":74,"column":36},"end":{"line":74,"column":66}}],"line":74},"8":{"loc":{"start":{"line":77,"column":6},"end":{"line":79,"column":null}},"type":"if","locations":[{"start":{"line":77,"column":6},"end":{"line":79,"column":null}},{"start":{},"end":{}}],"line":77},"9":{"loc":{"start":{"line":94,"column":2},"end":{"line":94,"column":null}},"type":"if","locations":[{"start":{"line":94,"column":2},"end":{"line":94,"column":null}},{"start":{},"end":{}}],"line":94}},"s":{"0":4,"1":4,"2":35,"3":4,"4":31,"5":51,"6":18,"7":2,"8":16,"9":18,"10":18,"11":7,"12":11,"13":15,"14":2,"15":13,"16":13,"17":10,"18":10,"19":28,"20":28,"21":1,"22":28,"23":6,"24":22,"25":22,"26":16,"27":17,"28":1,"29":16,"30":16,"31":1,"32":2,"33":1,"34":2,"35":16},"f":{"0":35,"1":51,"2":18,"3":18,"4":15,"5":10,"6":28,"7":16,"8":17,"9":1,"10":2,"11":2},"b":{"0":[4,31],"1":[51,0],"2":[2,16],"3":[4,14],"4":[7,11],"5":[2,13],"6":[13,5],"7":[28,13],"8":[6,22],"9":[1,16]},"meta":{"lastBranch":10,"lastFunction":12,"lastStatement":36,"seen":{"s:7:48:15:Infinity":0,"s:17:26:17:Infinity":1,"f:23:16:23:27":0,"b:24:2:24:Infinity:undefined:undefined:undefined:undefined":0,"s:24:2:24:Infinity":2,"s:24:34:24:Infinity":3,"s:25:2:25:Infinity":4,"f:25:24:25:44":1,"s:25:53:25:82":5,"b:25:53:25:78:25:78:25:82":1,"f:32:16:32:30":2,"b:33:2:33:Infinity:undefined:undefined:undefined:undefined":2,"s:33:2:33:Infinity":6,"s:33:33:33:Infinity":7,"s:36:2:36:Infinity":8,"f:43:16:43:Infinity":3,"s:49:14:49:Infinity":9,"b:49:42:49:62:49:62:49:Infinity":3,"b:50:2:50:Infinity:undefined:undefined:undefined:undefined":4,"s:50:2:50:Infinity":10,"s:50:29:50:Infinity":11,"s:51:2:51:Infinity":12,"f:57:16:57:29":4,"b:58:2:58:Infinity:undefined:undefined:undefined:undefined":5,"s:58:2:58:Infinity":13,"s:58:33:58:Infinity":14,"s:59:18:59:Infinity":15,"s:60:2:60:Infinity":16,"b:60:9:60:32:60:32:60:Infinity":6,"f:67:16:67:34":5,"s:68:29:68:Infinity":17,"s:70:2:86:Infinity":18,"f:71:4:71:25":6,"s:72:18:72:Infinity":19,"s:74:6:76:Infinity":20,"b:74:13:74:36:74:36:74:66":7,"s:75:8:75:Infinity":21,"b:77:6:79:Infinity:undefined:undefined:undefined:undefined":8,"s:77:6:79:Infinity":22,"s:78:8:78:Infinity":23,"s:80:6:80:Infinity":24,"s:81:6:81:Infinity":25,"f:83:4:83:18":7,"s:84:6:84:Infinity":26,"f:93:16:93:35":8,"b:94:2:94:Infinity:undefined:undefined:undefined:undefined":9,"s:94:2:94:Infinity":27,"s:94:32:94:Infinity":28,"s:97:13:97:Infinity":29,"s:100:2:111:Infinity":30,"f:105:13:105:29":9,"s:106:20:106:Infinity":31,"f:106:53:106:58":10,"s:106:64:106:72":32,"s:107:6:107:Infinity":33,"f:107:48:107:53":11,"s:107:59:107:78":34,"s:113:2:113:Infinity":35}}}
}
