{"/home/hemanth/projects/carbon-footprint-challenge/src/app/store.ts": {"path":"/home/hemanth/projects/carbon-footprint-challenge/src/app/store.ts","statementMap":{"0":{"start":{"line":40,"column":6},"end":{"line":40,"column":null}},"1":{"start":{"line":45,"column":2},"end":{"line":68,"column":null}},"2":{"start":{"line":72,"column":2},"end":{"line":103,"column":null}},"3":{"start":{"line":107,"column":2},"end":{"line":113,"column":null}},"4":{"start":{"line":117,"column":16},"end":{"line":117,"column":null}},"5":{"start":{"line":118,"column":78},"end":{"line":118,"column":null}},"6":{"start":{"line":119,"column":2},"end":{"line":127,"column":null}},"7":{"start":{"line":119,"column":33},"end":{"line":127,"column":4}},"8":{"start":{"line":131,"column":2},"end":{"line":150,"column":null}},"9":{"start":{"line":212,"column":13},"end":{"line":326,"column":null}},"10":{"start":{"line":212,"column":59},"end":{"line":326,"column":2}},"11":{"start":{"line":219,"column":4},"end":{"line":222,"column":null}},"12":{"start":{"line":220,"column":6},"end":{"line":220,"column":null}},"13":{"start":{"line":221,"column":6},"end":{"line":221,"column":null}},"14":{"start":{"line":223,"column":4},"end":{"line":223,"column":null}},"15":{"start":{"line":224,"column":4},"end":{"line":247,"column":null}},"16":{"start":{"line":225,"column":6},"end":{"line":246,"column":null}},"17":{"start":{"line":251,"column":4},"end":{"line":251,"column":null}},"18":{"start":{"line":252,"column":4},"end":{"line":252,"column":null}},"19":{"start":{"line":257,"column":33},"end":{"line":257,"column":null}},"20":{"start":{"line":259,"column":23},"end":{"line":259,"column":null}},"21":{"start":{"line":259,"column":39},"end":{"line":259,"column":85}},"22":{"start":{"line":265,"column":40},"end":{"line":272,"column":null}},"23":{"start":{"line":273,"column":4},"end":{"line":275,"column":null}},"24":{"start":{"line":273,"column":20},"end":{"line":275,"column":6}},"25":{"start":{"line":281,"column":4},"end":{"line":287,"column":null}},"26":{"start":{"line":281,"column":20},"end":{"line":287,"column":6}},"27":{"start":{"line":283,"column":8},"end":{"line":285,"column":null}},"28":{"start":{"line":294,"column":4},"end":{"line":298,"column":null}},"29":{"start":{"line":294,"column":20},"end":{"line":298,"column":6}},"30":{"start":{"line":296,"column":8},"end":{"line":296,"column":null}},"31":{"start":{"line":305,"column":24},"end":{"line":305,"column":null}},"32":{"start":{"line":306,"column":34},"end":{"line":312,"column":null}},"33":{"start":{"line":313,"column":4},"end":{"line":315,"column":null}},"34":{"start":{"line":313,"column":20},"end":{"line":315,"column":6}},"35":{"start":{"line":318,"column":31},"end":{"line":318,"column":null}},"36":{"start":{"line":325,"column":24},"end":{"line":325,"column":null}},"37":{"start":{"line":325,"column":40},"end":{"line":325,"column":70}}},"fnMap":{"0":{"name":"createDemoUser","decl":{"start":{"line":44,"column":9},"end":{"line":44,"column":32}},"loc":{"start":{"line":44,"column":32},"end":{"line":69,"column":null}},"line":44},"1":{"name":"createDemoChallenges","decl":{"start":{"line":71,"column":9},"end":{"line":71,"column":45}},"loc":{"start":{"line":71,"column":45},"end":{"line":104,"column":null}},"line":71},"2":{"name":"createDemoCommunityGroups","decl":{"start":{"line":106,"column":9},"end":{"line":106,"column":55}},"loc":{"start":{"line":106,"column":55},"end":{"line":114,"column":null}},"line":106},"3":{"name":"createDemoLeaderboard","decl":{"start":{"line":116,"column":9},"end":{"line":116,"column":53}},"loc":{"start":{"line":116,"column":53},"end":{"line":128,"column":null}},"line":116},"4":{"name":"(anonymous_4)","decl":{"start":{"line":119,"column":15},"end":{"line":119,"column":20}},"loc":{"start":{"line":119,"column":33},"end":{"line":127,"column":4}},"line":119},"5":{"name":"createDemoReports","decl":{"start":{"line":130,"column":9},"end":{"line":130,"column":53}},"loc":{"start":{"line":130,"column":53},"end":{"line":151,"column":null}},"line":130},"6":{"name":"(anonymous_6)","decl":{"start":{"line":212,"column":27},"end":{"line":212,"column":45}},"loc":{"start":{"line":212,"column":59},"end":{"line":326,"column":2}},"line":212},"7":{"name":"(anonymous_7)","decl":{"start":{"line":217,"column":2},"end":{"line":217,"column":15}},"loc":{"start":{"line":217,"column":15},"end":{"line":248,"column":null}},"line":217},"8":{"name":"(anonymous_8)","decl":{"start":{"line":224,"column":4},"end":{"line":224,"column":21}},"loc":{"start":{"line":224,"column":21},"end":{"line":247,"column":7}},"line":224},"9":{"name":"(anonymous_9)","decl":{"start":{"line":249,"column":2},"end":{"line":249,"column":16}},"loc":{"start":{"line":249,"column":16},"end":{"line":253,"column":null}},"line":249},"10":{"name":"(anonymous_10)","decl":{"start":{"line":257,"column":2},"end":{"line":257,"column":21}},"loc":{"start":{"line":257,"column":33},"end":{"line":257,"column":null}},"line":257},"11":{"name":"(anonymous_11)","decl":{"start":{"line":259,"column":2},"end":{"line":259,"column":23}},"loc":{"start":{"line":259,"column":23},"end":{"line":259,"column":null}},"line":259},"12":{"name":"(anonymous_12)","decl":{"start":{"line":259,"column":23},"end":{"line":259,"column":28}},"loc":{"start":{"line":259,"column":39},"end":{"line":259,"column":85}},"line":259},"13":{"name":"(anonymous_13)","decl":{"start":{"line":264,"column":2},"end":{"line":264,"column":16}},"loc":{"start":{"line":264,"column":29},"end":{"line":276,"column":null}},"line":264},"14":{"name":"(anonymous_14)","decl":{"start":{"line":273,"column":4},"end":{"line":273,"column":9}},"loc":{"start":{"line":273,"column":20},"end":{"line":275,"column":6}},"line":273},"15":{"name":"(anonymous_15)","decl":{"start":{"line":280,"column":2},"end":{"line":280,"column":18}},"loc":{"start":{"line":280,"column":34},"end":{"line":288,"column":null}},"line":280},"16":{"name":"(anonymous_16)","decl":{"start":{"line":281,"column":4},"end":{"line":281,"column":9}},"loc":{"start":{"line":281,"column":20},"end":{"line":287,"column":6}},"line":281},"17":{"name":"(anonymous_17)","decl":{"start":{"line":282,"column":35},"end":{"line":282,"column":40}},"loc":{"start":{"line":283,"column":8},"end":{"line":285,"column":null}},"line":283},"18":{"name":"(anonymous_18)","decl":{"start":{"line":293,"column":2},"end":{"line":293,"column":14}},"loc":{"start":{"line":293,"column":26},"end":{"line":299,"column":null}},"line":293},"19":{"name":"(anonymous_19)","decl":{"start":{"line":294,"column":4},"end":{"line":294,"column":9}},"loc":{"start":{"line":294,"column":20},"end":{"line":298,"column":6}},"line":294},"20":{"name":"(anonymous_20)","decl":{"start":{"line":295,"column":45},"end":{"line":295,"column":50}},"loc":{"start":{"line":296,"column":8},"end":{"line":296,"column":null}},"line":296},"21":{"name":"(anonymous_21)","decl":{"start":{"line":303,"column":2},"end":{"line":303,"column":19}},"loc":{"start":{"line":303,"column":50},"end":{"line":316,"column":null}},"line":303},"22":{"name":"(anonymous_22)","decl":{"start":{"line":313,"column":4},"end":{"line":313,"column":9}},"loc":{"start":{"line":313,"column":20},"end":{"line":315,"column":6}},"line":313},"23":{"name":"(anonymous_23)","decl":{"start":{"line":318,"column":2},"end":{"line":318,"column":19}},"loc":{"start":{"line":318,"column":31},"end":{"line":318,"column":null}},"line":318},"24":{"name":"(anonymous_24)","decl":{"start":{"line":325,"column":2},"end":{"line":325,"column":24}},"loc":{"start":{"line":325,"column":24},"end":{"line":325,"column":null}},"line":325},"25":{"name":"(anonymous_25)","decl":{"start":{"line":325,"column":24},"end":{"line":325,"column":29}},"loc":{"start":{"line":325,"column":40},"end":{"line":325,"column":70}},"line":325}},"branchMap":{"0":{"loc":{"start":{"line":126,"column":10},"end":{"line":126,"column":null}},"type":"binary-expr","locations":[{"start":{"line":126,"column":10},"end":{"line":126,"column":22}},{"start":{"line":126,"column":22},"end":{"line":126,"column":null}}],"line":126},"1":{"loc":{"start":{"line":219,"column":4},"end":{"line":222,"column":null}},"type":"if","locations":[{"start":{"line":219,"column":4},"end":{"line":222,"column":null}},{"start":{},"end":{}}],"line":219},"2":{"loc":{"start":{"line":271,"column":14},"end":{"line":271,"column":null}},"type":"binary-expr","locations":[{"start":{"line":271,"column":14},"end":{"line":271,"column":32}},{"start":{"line":271,"column":32},"end":{"line":271,"column":null}}],"line":271},"3":{"loc":{"start":{"line":283,"column":8},"end":{"line":285,"column":null}},"type":"cond-expr","locations":[{"start":{"line":284,"column":12},"end":{"line":284,"column":null}},{"start":{"line":285,"column":12},"end":{"line":285,"column":null}}],"line":283},"4":{"loc":{"start":{"line":296,"column":8},"end":{"line":296,"column":null}},"type":"cond-expr","locations":[{"start":{"line":296,"column":27},"end":{"line":296,"column":86}},{"start":{"line":296,"column":86},"end":{"line":296,"column":null}}],"line":296},"5":{"loc":{"start":{"line":305,"column":24},"end":{"line":305,"column":null}},"type":"cond-expr","locations":[{"start":{"line":305,"column":33},"end":{"line":305,"column":67}},{"start":{"line":305,"column":67},"end":{"line":305,"column":null}}],"line":305}},"s":{"0":2,"1":5,"2":5,"3":5,"4":5,"5":5,"6":5,"7":50,"8":5,"9":2,"10":2,"11":5,"12":0,"13":0,"14":5,"15":5,"16":5,"17":14,"18":14,"19":1,"20":1,"21":1,"22":1,"23":1,"24":1,"25":1,"26":1,"27":6,"28":1,"29":1,"30":5,"31":1,"32":1,"33":1,"34":1,"35":1,"36":1,"37":1},"f":{"0":5,"1":5,"2":5,"3":5,"4":50,"5":5,"6":2,"7":5,"8":5,"9":14,"10":1,"11":1,"12":1,"13":1,"14":1,"15":1,"16":1,"17":6,"18":1,"19":1,"20":5,"21":1,"22":1,"23":1,"24":1,"25":1},"b":{"0":[50,0],"1":[0,5],"2":[1,1],"3":[1,5],"4":[1,4],"5":[1,0]},"meta":{"lastBranch":6,"lastFunction":26,"lastStatement":38,"seen":{"s:40:6:40:Infinity":0,"f:44:9:44:32":0,"s:45:2:68:Infinity":1,"f:71:9:71:45":1,"s:72:2:103:Infinity":2,"f:106:9:106:55":2,"s:107:2:113:Infinity":3,"f:116:9:116:53":3,"s:117:16:117:Infinity":4,"s:118:78:118:Infinity":5,"s:119:2:127:Infinity":6,"f:119:15:119:20":4,"s:119:33:127:4":7,"b:126:10:126:22:126:22:126:Infinity":0,"f:130:9:130:53":5,"s:131:2:150:Infinity":8,"s:212:13:326:Infinity":9,"f:212:27:212:45":6,"s:212:59:326:2":10,"f:217:2:217:15":7,"b:219:4:222:Infinity:undefined:undefined:undefined:undefined":1,"s:219:4:222:Infinity":11,"s:220:6:220:Infinity":12,"s:221:6:221:Infinity":13,"s:223:4:223:Infinity":14,"s:224:4:247:Infinity":15,"f:224:4:224:21":8,"s:225:6:246:Infinity":16,"f:249:2:249:16":9,"s:251:4:251:Infinity":17,"s:252:4:252:Infinity":18,"f:257:2:257:21":10,"s:257:33:257:Infinity":19,"f:259:2:259:23":11,"s:259:23:259:Infinity":20,"f:259:23:259:28":12,"s:259:39:259:85":21,"f:264:2:264:16":13,"s:265:40:272:Infinity":22,"b:271:14:271:32:271:32:271:Infinity":2,"s:273:4:275:Infinity":23,"f:273:4:273:9":14,"s:273:20:275:6":24,"f:280:2:280:18":15,"s:281:4:287:Infinity":25,"f:281:4:281:9":16,"s:281:20:287:6":26,"f:282:35:282:40":17,"s:283:8:285:Infinity":27,"b:284:12:284:Infinity:285:12:285:Infinity":3,"f:293:2:293:14":18,"s:294:4:298:Infinity":28,"f:294:4:294:9":19,"s:294:20:298:6":29,"f:295:45:295:50":20,"s:296:8:296:Infinity":30,"b:296:27:296:86:296:86:296:Infinity":4,"f:303:2:303:19":21,"s:305:24:305:Infinity":31,"b:305:33:305:67:305:67:305:Infinity":5,"s:306:34:312:Infinity":32,"s:313:4:315:Infinity":33,"f:313:4:313:9":22,"s:313:20:315:6":34,"f:318:2:318:19":23,"s:318:31:318:Infinity":35,"f:325:2:325:24":24,"s:325:24:325:Infinity":36,"f:325:24:325:29":25,"s:325:40:325:70":37}}}
,"/home/hemanth/projects/carbon-footprint-challenge/src/services/aiCoach.ts": {"path":"/home/hemanth/projects/carbon-footprint-challenge/src/services/aiCoach.ts","statementMap":{"0":{"start":{"line":61,"column":54},"end":{"line":68,"column":null}},"1":{"start":{"line":75,"column":16},"end":{"line":75,"column":null}},"2":{"start":{"line":77,"column":2},"end":{"line":82,"column":null}},"3":{"start":{"line":78,"column":4},"end":{"line":78,"column":null}},"4":{"start":{"line":78,"column":30},"end":{"line":78,"column":null}},"5":{"start":{"line":79,"column":4},"end":{"line":81,"column":null}},"6":{"start":{"line":79,"column":30},"end":{"line":79,"column":48}},"7":{"start":{"line":80,"column":6},"end":{"line":80,"column":null}},"8":{"start":{"line":84,"column":2},"end":{"line":84,"column":null}},"9":{"start":{"line":106,"column":44},"end":{"line":116,"column":null}},"10":{"start":{"line":118,"column":2},"end":{"line":118,"column":null}},"11":{"start":{"line":118,"column":20},"end":{"line":118,"column":null}},"12":{"start":{"line":120,"column":16},"end":{"line":120,"column":null}},"13":{"start":{"line":121,"column":16},"end":{"line":121,"column":null}},"14":{"start":{"line":122,"column":17},"end":{"line":122,"column":null}},"15":{"start":{"line":124,"column":24},"end":{"line":124,"column":null}},"16":{"start":{"line":124,"column":47},"end":{"line":124,"column":62}},"17":{"start":{"line":125,"column":26},"end":{"line":125,"column":null}},"18":{"start":{"line":125,"column":64},"end":{"line":125,"column":79}},"19":{"start":{"line":126,"column":25},"end":{"line":126,"column":null}},"20":{"start":{"line":126,"column":49},"end":{"line":126,"column":64}},"21":{"start":{"line":127,"column":21},"end":{"line":127,"column":null}},"22":{"start":{"line":130,"column":63},"end":{"line":130,"column":null}},"23":{"start":{"line":131,"column":2},"end":{"line":135,"column":null}},"24":{"start":{"line":132,"column":4},"end":{"line":134,"column":null}},"25":{"start":{"line":133,"column":6},"end":{"line":133,"column":null}},"26":{"start":{"line":137,"column":21},"end":{"line":137,"column":null}},"27":{"start":{"line":137,"column":63},"end":{"line":137,"column":89}},"28":{"start":{"line":138,"column":23},"end":{"line":138,"column":null}},"29":{"start":{"line":139,"column":22},"end":{"line":139,"column":null}},"30":{"start":{"line":140,"column":29},"end":{"line":140,"column":null}},"31":{"start":{"line":142,"column":29},"end":{"line":144,"column":null}},"32":{"start":{"line":147,"column":4},"end":{"line":147,"column":null}},"33":{"start":{"line":149,"column":2},"end":{"line":159,"column":null}},"34":{"start":{"line":168,"column":8},"end":{"line":168,"column":null}},"35":{"start":{"line":169,"column":22},"end":{"line":169,"column":null}},"36":{"start":{"line":170,"column":21},"end":{"line":170,"column":null}},"37":{"start":{"line":171,"column":16},"end":{"line":171,"column":null}},"38":{"start":{"line":173,"column":2},"end":{"line":205,"column":null}},"39":{"start":{"line":212,"column":19},"end":{"line":212,"column":null}},"40":{"start":{"line":213,"column":15},"end":{"line":213,"column":null}},"41":{"start":{"line":214,"column":22},"end":{"line":214,"column":null}},"42":{"start":{"line":216,"column":8},"end":{"line":216,"column":null}},"43":{"start":{"line":217,"column":8},"end":{"line":217,"column":null}},"44":{"start":{"line":218,"column":8},"end":{"line":218,"column":null}},"45":{"start":{"line":219,"column":8},"end":{"line":219,"column":null}},"46":{"start":{"line":220,"column":8},"end":{"line":220,"column":null}},"47":{"start":{"line":222,"column":2},"end":{"line":244,"column":null}},"48":{"start":{"line":251,"column":22},"end":{"line":251,"column":null}},"49":{"start":{"line":252,"column":8},"end":{"line":252,"column":null}},"50":{"start":{"line":253,"column":8},"end":{"line":253,"column":null}},"51":{"start":{"line":254,"column":21},"end":{"line":254,"column":null}},"52":{"start":{"line":256,"column":2},"end":{"line":301,"column":null}},"53":{"start":{"line":308,"column":8},"end":{"line":308,"column":null}},"54":{"start":{"line":309,"column":8},"end":{"line":309,"column":null}},"55":{"start":{"line":310,"column":22},"end":{"line":310,"column":null}},"56":{"start":{"line":311,"column":21},"end":{"line":311,"column":null}},"57":{"start":{"line":312,"column":23},"end":{"line":314,"column":null}},"58":{"start":{"line":316,"column":2},"end":{"line":343,"column":null}},"59":{"start":{"line":350,"column":22},"end":{"line":350,"column":null}},"60":{"start":{"line":351,"column":16},"end":{"line":351,"column":null}},"61":{"start":{"line":352,"column":25},"end":{"line":352,"column":null}},"62":{"start":{"line":352,"column":51},"end":{"line":352,"column":75}},"63":{"start":{"line":354,"column":2},"end":{"line":382,"column":null}},"64":{"start":{"line":389,"column":22},"end":{"line":389,"column":null}},"65":{"start":{"line":390,"column":16},"end":{"line":390,"column":null}},"66":{"start":{"line":392,"column":2},"end":{"line":413,"column":null}},"67":{"start":{"line":440,"column":29},"end":{"line":440,"column":null}},"68":{"start":{"line":441,"column":2},"end":{"line":441,"column":null}},"69":{"start":{"line":441,"column":33},"end":{"line":441,"column":72}},"70":{"start":{"line":443,"column":17},"end":{"line":443,"column":null}},"71":{"start":{"line":444,"column":18},"end":{"line":444,"column":null}},"72":{"start":{"line":445,"column":15},"end":{"line":445,"column":null}},"73":{"start":{"line":448,"column":2},"end":{"line":461,"column":null}},"74":{"start":{"line":450,"column":6},"end":{"line":450,"column":null}},"75":{"start":{"line":452,"column":6},"end":{"line":452,"column":null}},"76":{"start":{"line":454,"column":6},"end":{"line":454,"column":null}},"77":{"start":{"line":456,"column":6},"end":{"line":456,"column":null}},"78":{"start":{"line":458,"column":6},"end":{"line":458,"column":null}},"79":{"start":{"line":460,"column":6},"end":{"line":460,"column":null}},"80":{"start":{"line":468,"column":47},"end":{"line":473,"column":null}},"81":{"start":{"line":474,"column":2},"end":{"line":474,"column":null}},"82":{"start":{"line":485,"column":2},"end":{"line":488,"column":null}}},"fnMap":{"0":{"name":"detectIntent","decl":{"start":{"line":74,"column":9},"end":{"line":74,"column":22}},"loc":{"start":{"line":74,"column":51},"end":{"line":85,"column":null}},"line":74},"1":{"name":"(anonymous_1)","decl":{"start":{"line":79,"column":17},"end":{"line":79,"column":23}},"loc":{"start":{"line":79,"column":30},"end":{"line":79,"column":48}},"line":79},"2":{"name":"summarizeFootprint","decl":{"start":{"line":105,"column":9},"end":{"line":105,"column":28}},"loc":{"start":{"line":105,"column":70},"end":{"line":160,"column":null}},"line":105},"3":{"name":"(anonymous_3)","decl":{"start":{"line":124,"column":30},"end":{"line":124,"column":38}},"loc":{"start":{"line":124,"column":47},"end":{"line":124,"column":62}},"line":124},"4":{"name":"(anonymous_4)","decl":{"start":{"line":125,"column":47},"end":{"line":125,"column":55}},"loc":{"start":{"line":125,"column":64},"end":{"line":125,"column":79}},"line":125},"5":{"name":"(anonymous_5)","decl":{"start":{"line":126,"column":32},"end":{"line":126,"column":40}},"loc":{"start":{"line":126,"column":49},"end":{"line":126,"column":64}},"line":126},"6":{"name":"(anonymous_6)","decl":{"start":{"line":131,"column":9},"end":{"line":131,"column":18}},"loc":{"start":{"line":131,"column":24},"end":{"line":135,"column":3}},"line":131},"7":{"name":"(anonymous_7)","decl":{"start":{"line":132,"column":66},"end":{"line":132,"column":75}},"loc":{"start":{"line":132,"column":90},"end":{"line":134,"column":5}},"line":132},"8":{"name":"(anonymous_8)","decl":{"start":{"line":137,"column":47},"end":{"line":137,"column":53}},"loc":{"start":{"line":137,"column":63},"end":{"line":137,"column":89}},"line":137},"9":{"name":"generateReduceResponse","decl":{"start":{"line":167,"column":9},"end":{"line":167,"column":32}},"loc":{"start":{"line":167,"column":122},"end":{"line":206,"column":null}},"line":167},"10":{"name":"generateCompareResponse","decl":{"start":{"line":211,"column":9},"end":{"line":211,"column":33}},"loc":{"start":{"line":211,"column":123},"end":{"line":245,"column":null}},"line":211},"11":{"name":"generatePlanResponse","decl":{"start":{"line":250,"column":9},"end":{"line":250,"column":30}},"loc":{"start":{"line":250,"column":120},"end":{"line":302,"column":null}},"line":250},"12":{"name":"generateForecastResponse","decl":{"start":{"line":307,"column":9},"end":{"line":307,"column":34}},"loc":{"start":{"line":307,"column":105},"end":{"line":344,"column":null}},"line":307},"13":{"name":"generateTipsResponse","decl":{"start":{"line":349,"column":9},"end":{"line":349,"column":30}},"loc":{"start":{"line":349,"column":120},"end":{"line":383,"column":null}},"line":349},"14":{"name":"(anonymous_14)","decl":{"start":{"line":352,"column":37},"end":{"line":352,"column":45}},"loc":{"start":{"line":352,"column":51},"end":{"line":352,"column":75}},"line":352},"15":{"name":"generateDefaultResponse","decl":{"start":{"line":388,"column":9},"end":{"line":388,"column":33}},"loc":{"start":{"line":388,"column":123},"end":{"line":414,"column":null}},"line":388},"16":{"name":"getCoachResponse","decl":{"start":{"line":435,"column":22},"end":{"line":435,"column":null}},"loc":{"start":{"line":438,"column":55},"end":{"line":462,"column":null}},"line":438},"17":{"name":"(anonymous_17)","decl":{"start":{"line":441,"column":12},"end":{"line":441,"column":21}},"loc":{"start":{"line":441,"column":33},"end":{"line":441,"column":72}},"line":441},"18":{"name":"generateChallengeDescription","decl":{"start":{"line":467,"column":16},"end":{"line":467,"column":45}},"loc":{"start":{"line":467,"column":71},"end":{"line":475,"column":null}},"line":467},"19":{"name":"generateReportSummary","decl":{"start":{"line":480,"column":16},"end":{"line":480,"column":null}},"loc":{"start":{"line":484,"column":10},"end":{"line":489,"column":null}},"line":484}},"branchMap":{"0":{"loc":{"start":{"line":78,"column":4},"end":{"line":78,"column":null}},"type":"if","locations":[{"start":{"line":78,"column":4},"end":{"line":78,"column":null}},{"start":{},"end":{}}],"line":78},"1":{"loc":{"start":{"line":79,"column":4},"end":{"line":81,"column":null}},"type":"if","locations":[{"start":{"line":79,"column":4},"end":{"line":81,"column":null}},{"start":{},"end":{}}],"line":79},"2":{"loc":{"start":{"line":118,"column":2},"end":{"line":118,"column":null}},"type":"if","locations":[{"start":{"line":118,"column":2},"end":{"line":118,"column":null}},{"start":{},"end":{}}],"line":118},"3":{"loc":{"start":{"line":125,"column":26},"end":{"line":125,"column":null}},"type":"cond-expr","locations":[{"start":{"line":125,"column":41},"end":{"line":125,"column":84}},{"start":{"line":125,"column":84},"end":{"line":125,"column":null}}],"line":125},"4":{"loc":{"start":{"line":133,"column":24},"end":{"line":133,"column":47}},"type":"binary-expr","locations":[{"start":{"line":133,"column":24},"end":{"line":133,"column":42}},{"start":{"line":133,"column":42},"end":{"line":133,"column":47}}],"line":133},"5":{"loc":{"start":{"line":137,"column":71},"end":{"line":137,"column":82}},"type":"binary-expr","locations":[{"start":{"line":137,"column":71},"end":{"line":137,"column":76}},{"start":{"line":137,"column":76},"end":{"line":137,"column":82}}],"line":137},"6":{"loc":{"start":{"line":137,"column":82},"end":{"line":137,"column":89}},"type":"binary-expr","locations":[{"start":{"line":137,"column":82},"end":{"line":137,"column":87}},{"start":{"line":137,"column":87},"end":{"line":137,"column":89}}],"line":137},"7":{"loc":{"start":{"line":138,"column":23},"end":{"line":138,"column":null}},"type":"binary-expr","locations":[{"start":{"line":138,"column":23},"end":{"line":138,"column":45}},{"start":{"line":138,"column":45},"end":{"line":138,"column":null}}],"line":138},"8":{"loc":{"start":{"line":139,"column":22},"end":{"line":139,"column":null}},"type":"binary-expr","locations":[{"start":{"line":139,"column":22},"end":{"line":139,"column":44}},{"start":{"line":139,"column":44},"end":{"line":139,"column":null}}],"line":139},"9":{"loc":{"start":{"line":140,"column":29},"end":{"line":140,"column":null}},"type":"cond-expr","locations":[{"start":{"line":140,"column":46},"end":{"line":140,"column":109}},{"start":{"line":140,"column":109},"end":{"line":140,"column":null}}],"line":140},"10":{"loc":{"start":{"line":142,"column":29},"end":{"line":144,"column":null}},"type":"cond-expr","locations":[{"start":{"line":142,"column":47},"end":{"line":143,"column":null}},{"start":{"line":144,"column":6},"end":{"line":144,"column":null}}],"line":142},"11":{"loc":{"start":{"line":147,"column":4},"end":{"line":147,"column":null}},"type":"cond-expr","locations":[{"start":{"line":147,"column":30},"end":{"line":147,"column":44}},{"start":{"line":147,"column":44},"end":{"line":147,"column":null}}],"line":147},"12":{"loc":{"start":{"line":147,"column":44},"end":{"line":147,"column":null}},"type":"cond-expr","locations":[{"start":{"line":147,"column":69},"end":{"line":147,"column":83}},{"start":{"line":147,"column":83},"end":{"line":147,"column":null}}],"line":147},"13":{"loc":{"start":{"line":169,"column":22},"end":{"line":169,"column":null}},"type":"binary-expr","locations":[{"start":{"line":169,"column":22},"end":{"line":169,"column":73}},{"start":{"line":169,"column":73},"end":{"line":169,"column":null}}],"line":169},"14":{"loc":{"start":{"line":170,"column":21},"end":{"line":170,"column":null}},"type":"binary-expr","locations":[{"start":{"line":170,"column":21},"end":{"line":170,"column":41}},{"start":{"line":170,"column":41},"end":{"line":170,"column":null}}],"line":170},"15":{"loc":{"start":{"line":171,"column":16},"end":{"line":171,"column":null}},"type":"binary-expr","locations":[{"start":{"line":171,"column":16},"end":{"line":171,"column":45}},{"start":{"line":171,"column":45},"end":{"line":171,"column":null}}],"line":171},"16":{"loc":{"start":{"line":178,"column":26},"end":{"line":178,"column":81}},"type":"binary-expr","locations":[{"start":{"line":178,"column":26},"end":{"line":178,"column":76}},{"start":{"line":178,"column":76},"end":{"line":178,"column":81}}],"line":178},"17":{"loc":{"start":{"line":198,"column":2},"end":{"line":198,"column":null}},"type":"cond-expr","locations":[{"start":{"line":198,"column":19},"end":{"line":198,"column":115}},{"start":{"line":198,"column":115},"end":{"line":198,"column":null}}],"line":198},"18":{"loc":{"start":{"line":213,"column":15},"end":{"line":213,"column":null}},"type":"binary-expr","locations":[{"start":{"line":213,"column":15},"end":{"line":213,"column":29}},{"start":{"line":213,"column":29},"end":{"line":213,"column":null}}],"line":213},"19":{"loc":{"start":{"line":214,"column":22},"end":{"line":214,"column":null}},"type":"binary-expr","locations":[{"start":{"line":214,"column":22},"end":{"line":214,"column":73}},{"start":{"line":214,"column":73},"end":{"line":214,"column":null}}],"line":214},"20":{"loc":{"start":{"line":229,"column":76},"end":{"line":229,"column":139}},"type":"cond-expr","locations":[{"start":{"line":229,"column":87},"end":{"line":229,"column":108}},{"start":{"line":229,"column":108},"end":{"line":229,"column":139}}],"line":229},"21":{"loc":{"start":{"line":230,"column":76},"end":{"line":230,"column":139}},"type":"cond-expr","locations":[{"start":{"line":230,"column":87},"end":{"line":230,"column":108}},{"start":{"line":230,"column":108},"end":{"line":230,"column":139}}],"line":230},"22":{"loc":{"start":{"line":231,"column":80},"end":{"line":231,"column":152}},"type":"cond-expr","locations":[{"start":{"line":231,"column":94},"end":{"line":231,"column":118}},{"start":{"line":231,"column":118},"end":{"line":231,"column":152}}],"line":231},"23":{"loc":{"start":{"line":232,"column":86},"end":{"line":232,"column":157}},"type":"cond-expr","locations":[{"start":{"line":232,"column":100},"end":{"line":232,"column":125}},{"start":{"line":232,"column":125},"end":{"line":232,"column":157}}],"line":232},"24":{"loc":{"start":{"line":234,"column":18},"end":{"line":234,"column":null}},"type":"cond-expr","locations":[{"start":{"line":234,"column":59},"end":{"line":234,"column":76}},{"start":{"line":234,"column":76},"end":{"line":234,"column":null}}],"line":234},"25":{"loc":{"start":{"line":234,"column":76},"end":{"line":234,"column":null}},"type":"cond-expr","locations":[{"start":{"line":234,"column":117},"end":{"line":234,"column":135}},{"start":{"line":234,"column":135},"end":{"line":234,"column":null}}],"line":234},"26":{"loc":{"start":{"line":235,"column":29},"end":{"line":235,"column":73}},"type":"cond-expr","locations":[{"start":{"line":235,"column":62},"end":{"line":235,"column":68}},{"start":{"line":235,"column":68},"end":{"line":235,"column":73}}],"line":235},"27":{"loc":{"start":{"line":237,"column":2},"end":{"line":237,"column":null}},"type":"cond-expr","locations":[{"start":{"line":237,"column":22},"end":{"line":237,"column":121}},{"start":{"line":237,"column":121},"end":{"line":237,"column":null}}],"line":237},"28":{"loc":{"start":{"line":251,"column":22},"end":{"line":251,"column":null}},"type":"binary-expr","locations":[{"start":{"line":251,"column":22},"end":{"line":251,"column":73}},{"start":{"line":251,"column":73},"end":{"line":251,"column":null}}],"line":251},"29":{"loc":{"start":{"line":254,"column":21},"end":{"line":254,"column":null}},"type":"binary-expr","locations":[{"start":{"line":254,"column":21},"end":{"line":254,"column":41}},{"start":{"line":254,"column":41},"end":{"line":254,"column":null}}],"line":254},"30":{"loc":{"start":{"line":310,"column":22},"end":{"line":310,"column":null}},"type":"binary-expr","locations":[{"start":{"line":310,"column":22},"end":{"line":310,"column":73}},{"start":{"line":310,"column":73},"end":{"line":310,"column":null}}],"line":310},"31":{"loc":{"start":{"line":312,"column":23},"end":{"line":314,"column":null}},"type":"cond-expr","locations":[{"start":{"line":313,"column":6},"end":{"line":313,"column":null}},{"start":{"line":314,"column":6},"end":{"line":314,"column":null}}],"line":312},"32":{"loc":{"start":{"line":313,"column":54},"end":{"line":313,"column":133}},"type":"binary-expr","locations":[{"start":{"line":313,"column":54},"end":{"line":313,"column":125}},{"start":{"line":313,"column":125},"end":{"line":313,"column":133}}],"line":313},"33":{"loc":{"start":{"line":321,"column":15},"end":{"line":321,"column":145}},"type":"cond-expr","locations":[{"start":{"line":321,"column":56},"end":{"line":321,"column":74}},{"start":{"line":321,"column":74},"end":{"line":321,"column":145}}],"line":321},"34":{"loc":{"start":{"line":321,"column":74},"end":{"line":321,"column":145}},"type":"cond-expr","locations":[{"start":{"line":321,"column":115},"end":{"line":321,"column":133}},{"start":{"line":321,"column":133},"end":{"line":321,"column":145}}],"line":321},"35":{"loc":{"start":{"line":321,"column":149},"end":{"line":321,"column":193}},"type":"cond-expr","locations":[{"start":{"line":321,"column":182},"end":{"line":321,"column":188}},{"start":{"line":321,"column":188},"end":{"line":321,"column":193}}],"line":321},"36":{"loc":{"start":{"line":326,"column":29},"end":{"line":326,"column":null}},"type":"cond-expr","locations":[{"start":{"line":326,"column":48},"end":{"line":326,"column":95}},{"start":{"line":326,"column":95},"end":{"line":326,"column":null}}],"line":326},"37":{"loc":{"start":{"line":350,"column":22},"end":{"line":350,"column":null}},"type":"binary-expr","locations":[{"start":{"line":350,"column":22},"end":{"line":350,"column":73}},{"start":{"line":350,"column":73},"end":{"line":350,"column":null}}],"line":350},"38":{"loc":{"start":{"line":351,"column":16},"end":{"line":351,"column":null}},"type":"binary-expr","locations":[{"start":{"line":351,"column":16},"end":{"line":351,"column":45}},{"start":{"line":351,"column":45},"end":{"line":351,"column":null}}],"line":351},"39":{"loc":{"start":{"line":352,"column":25},"end":{"line":352,"column":null}},"type":"binary-expr","locations":[{"start":{"line":352,"column":25},"end":{"line":352,"column":87}},{"start":{"line":352,"column":87},"end":{"line":352,"column":null}}],"line":352},"40":{"loc":{"start":{"line":361,"column":29},"end":{"line":361,"column":51}},"type":"binary-expr","locations":[{"start":{"line":361,"column":29},"end":{"line":361,"column":49}},{"start":{"line":361,"column":49},"end":{"line":361,"column":51}}],"line":361},"41":{"loc":{"start":{"line":371,"column":66},"end":{"line":371,"column":213}},"type":"cond-expr","locations":[{"start":{"line":371,"column":107},"end":{"line":371,"column":129}},{"start":{"line":371,"column":129},"end":{"line":371,"column":213}}],"line":371},"42":{"loc":{"start":{"line":371,"column":129},"end":{"line":371,"column":213}},"type":"cond-expr","locations":[{"start":{"line":371,"column":170},"end":{"line":371,"column":193}},{"start":{"line":371,"column":193},"end":{"line":371,"column":213}}],"line":371},"43":{"loc":{"start":{"line":373,"column":22},"end":{"line":373,"column":null}},"type":"cond-expr","locations":[{"start":{"line":373,"column":84},"end":{"line":373,"column":104}},{"start":{"line":373,"column":104},"end":{"line":373,"column":null}}],"line":373},"44":{"loc":{"start":{"line":389,"column":22},"end":{"line":389,"column":null}},"type":"binary-expr","locations":[{"start":{"line":389,"column":22},"end":{"line":389,"column":73}},{"start":{"line":389,"column":73},"end":{"line":389,"column":null}}],"line":389},"45":{"loc":{"start":{"line":390,"column":16},"end":{"line":390,"column":null}},"type":"binary-expr","locations":[{"start":{"line":390,"column":16},"end":{"line":390,"column":45}},{"start":{"line":390,"column":45},"end":{"line":390,"column":null}}],"line":390},"46":{"loc":{"start":{"line":396,"column":66},"end":{"line":396,"column":197}},"type":"cond-expr","locations":[{"start":{"line":396,"column":107},"end":{"line":396,"column":125}},{"start":{"line":396,"column":125},"end":{"line":396,"column":197}}],"line":396},"47":{"loc":{"start":{"line":396,"column":125},"end":{"line":396,"column":197}},"type":"cond-expr","locations":[{"start":{"line":396,"column":166},"end":{"line":396,"column":185}},{"start":{"line":396,"column":185},"end":{"line":396,"column":197}}],"line":396},"48":{"loc":{"start":{"line":397,"column":65},"end":{"line":397,"column":109}},"type":"cond-expr","locations":[{"start":{"line":397,"column":98},"end":{"line":397,"column":104}},{"start":{"line":397,"column":104},"end":{"line":397,"column":109}}],"line":397},"49":{"loc":{"start":{"line":406,"column":2},"end":{"line":406,"column":182}},"type":"cond-expr","locations":[{"start":{"line":406,"column":44},"end":{"line":406,"column":122}},{"start":{"line":406,"column":122},"end":{"line":406,"column":182}}],"line":406},"50":{"loc":{"start":{"line":406,"column":2},"end":{"line":406,"column":44}},"type":"binary-expr","locations":[{"start":{"line":406,"column":2},"end":{"line":406,"column":22}},{"start":{"line":406,"column":22},"end":{"line":406,"column":44}}],"line":406},"51":{"loc":{"start":{"line":444,"column":37},"end":{"line":444,"column":65}},"type":"binary-expr","locations":[{"start":{"line":444,"column":37},"end":{"line":444,"column":63}},{"start":{"line":444,"column":63},"end":{"line":444,"column":65}}],"line":444},"52":{"loc":{"start":{"line":445,"column":15},"end":{"line":445,"column":null}},"type":"binary-expr","locations":[{"start":{"line":445,"column":15},"end":{"line":445,"column":32}},{"start":{"line":445,"column":32},"end":{"line":445,"column":null}}],"line":445},"53":{"loc":{"start":{"line":448,"column":2},"end":{"line":461,"column":null}},"type":"switch","locations":[{"start":{"line":449,"column":4},"end":{"line":450,"column":null}},{"start":{"line":451,"column":4},"end":{"line":452,"column":null}},{"start":{"line":453,"column":4},"end":{"line":454,"column":null}},{"start":{"line":455,"column":4},"end":{"line":456,"column":null}},{"start":{"line":457,"column":4},"end":{"line":458,"column":null}},{"start":{"line":459,"column":4},"end":{"line":460,"column":null}}],"line":448},"54":{"loc":{"start":{"line":474,"column":9},"end":{"line":474,"column":null}},"type":"binary-expr","locations":[{"start":{"line":474,"column":9},"end":{"line":474,"column":35}},{"start":{"line":474,"column":35},"end":{"line":474,"column":62}},{"start":{"line":474,"column":62},"end":{"line":474,"column":null}}],"line":474},"55":{"loc":{"start":{"line":485,"column":17},"end":{"line":485,"column":62}},"type":"cond-expr","locations":[{"start":{"line":485,"column":33},"end":{"line":485,"column":49}},{"start":{"line":485,"column":49},"end":{"line":485,"column":62}}],"line":485},"56":{"loc":{"start":{"line":485,"column":140},"end":{"line":487,"column":null}},"type":"cond-expr","locations":[{"start":{"line":486,"column":6},"end":{"line":486,"column":null}},{"start":{"line":487,"column":6},"end":{"line":487,"column":null}}],"line":485}},"s":{"0":2,"1":41,"2":41,"3":135,"4":6,"5":129,"6":652,"7":35,"8":6,"9":33,"10":33,"11":15,"12":18,"13":18,"14":18,"15":18,"16":126,"17":18,"18":126,"19":33,"20":540,"21":33,"22":33,"23":33,"24":540,"25":3780,"26":33,"27":252,"28":33,"29":33,"30":33,"31":33,"32":33,"33":33,"34":6,"35":6,"36":6,"37":6,"38":6,"39":4,"40":4,"41":4,"42":4,"43":4,"44":4,"45":4,"46":4,"47":4,"48":4,"49":4,"50":4,"51":4,"52":4,"53":4,"54":4,"55":4,"56":4,"57":4,"58":4,"59":5,"60":5,"61":5,"62":6,"63":5,"64":5,"65":5,"66":5,"67":28,"68":28,"69":28,"70":28,"71":28,"72":28,"73":28,"74":6,"75":4,"76":4,"77":4,"78":5,"79":5,"80":7,"81":7,"82":5},"f":{"0":41,"1":652,"2":33,"3":126,"4":126,"5":540,"6":540,"7":3780,"8":252,"9":6,"10":4,"11":4,"12":4,"13":5,"14":6,"15":5,"16":28,"17":28,"18":7,"19":5},"b":{"0":[6,129],"1":[35,94],"2":[15,18],"3":[18,0],"4":[3780,126],"5":[252,0],"6":[252,0],"7":[33,0],"8":[33,0],"9":[18,0],"10":[18,0],"11":[4,14],"12":[14,0],"13":[6,0],"14":[6,3],"15":[6,3],"16":[6,0],"17":[3,3],"18":[4,2],"19":[4,0],"20":[4,0],"21":[4,0],"22":[4,0],"23":[4,0],"24":[2,2],"25":[2,0],"26":[2,2],"27":[4,0],"28":[4,0],"29":[4,2],"30":[4,0],"31":[4,0],"32":[4,0],"33":[2,2],"34":[2,0],"35":[2,2],"36":[4,0],"37":[5,0],"38":[5,2],"39":[5,2],"40":[5,2],"41":[2,3],"42":[3,0],"43":[5,0],"44":[5,0],"45":[5,3],"46":[3,2],"47":[2,0],"48":[2,3],"49":[2,3],"50":[5,2],"51":[28,14],"52":[28,14],"53":[6,4,4,4,5,5],"54":[7,2,0],"55":[3,2],"56":[3,2]},"meta":{"lastBranch":57,"lastFunction":20,"lastStatement":83,"seen":{"s:61:54:68:Infinity":0,"f:74:9:74:22":0,"s:75:16:75:Infinity":1,"s:77:2:82:Infinity":2,"b:78:4:78:Infinity:undefined:undefined:undefined:undefined":0,"s:78:4:78:Infinity":3,"s:78:30:78:Infinity":4,"b:79:4:81:Infinity:undefined:undefined:undefined:undefined":1,"s:79:4:81:Infinity":5,"f:79:17:79:23":1,"s:79:30:79:48":6,"s:80:6:80:Infinity":7,"s:84:2:84:Infinity":8,"f:105:9:105:28":2,"s:106:44:116:Infinity":9,"b:118:2:118:Infinity:undefined:undefined:undefined:undefined":2,"s:118:2:118:Infinity":10,"s:118:20:118:Infinity":11,"s:120:16:120:Infinity":12,"s:121:16:121:Infinity":13,"s:122:17:122:Infinity":14,"s:124:24:124:Infinity":15,"f:124:30:124:38":3,"s:124:47:124:62":16,"s:125:26:125:Infinity":17,"b:125:41:125:84:125:84:125:Infinity":3,"f:125:47:125:55":4,"s:125:64:125:79":18,"s:126:25:126:Infinity":19,"f:126:32:126:40":5,"s:126:49:126:64":20,"s:127:21:127:Infinity":21,"s:130:63:130:Infinity":22,"s:131:2:135:Infinity":23,"f:131:9:131:18":6,"s:132:4:134:Infinity":24,"f:132:66:132:75":7,"s:133:6:133:Infinity":25,"b:133:24:133:42:133:42:133:47":4,"s:137:21:137:Infinity":26,"f:137:47:137:53":8,"s:137:63:137:89":27,"b:137:71:137:76:137:76:137:82":5,"b:137:82:137:87:137:87:137:89":6,"s:138:23:138:Infinity":28,"b:138:23:138:45:138:45:138:Infinity":7,"s:139:22:139:Infinity":29,"b:139:22:139:44:139:44:139:Infinity":8,"s:140:29:140:Infinity":30,"b:140:46:140:109:140:109:140:Infinity":9,"s:142:29:144:Infinity":31,"b:142:47:143:Infinity:144:6:144:Infinity":10,"s:147:4:147:Infinity":32,"b:147:30:147:44:147:44:147:Infinity":11,"b:147:69:147:83:147:83:147:Infinity":12,"s:149:2:159:Infinity":33,"f:167:9:167:32":9,"s:168:8:168:Infinity":34,"s:169:22:169:Infinity":35,"b:169:22:169:73:169:73:169:Infinity":13,"s:170:21:170:Infinity":36,"b:170:21:170:41:170:41:170:Infinity":14,"s:171:16:171:Infinity":37,"b:171:16:171:45:171:45:171:Infinity":15,"s:173:2:205:Infinity":38,"b:178:26:178:76:178:76:178:81":16,"b:198:19:198:115:198:115:198:Infinity":17,"f:211:9:211:33":10,"s:212:19:212:Infinity":39,"s:213:15:213:Infinity":40,"b:213:15:213:29:213:29:213:Infinity":18,"s:214:22:214:Infinity":41,"b:214:22:214:73:214:73:214:Infinity":19,"s:216:8:216:Infinity":42,"s:217:8:217:Infinity":43,"s:218:8:218:Infinity":44,"s:219:8:219:Infinity":45,"s:220:8:220:Infinity":46,"s:222:2:244:Infinity":47,"b:229:87:229:108:229:108:229:139":20,"b:230:87:230:108:230:108:230:139":21,"b:231:94:231:118:231:118:231:152":22,"b:232:100:232:125:232:125:232:157":23,"b:234:59:234:76:234:76:234:Infinity":24,"b:234:117:234:135:234:135:234:Infinity":25,"b:235:62:235:68:235:68:235:73":26,"b:237:22:237:121:237:121:237:Infinity":27,"f:250:9:250:30":11,"s:251:22:251:Infinity":48,"b:251:22:251:73:251:73:251:Infinity":28,"s:252:8:252:Infinity":49,"s:253:8:253:Infinity":50,"s:254:21:254:Infinity":51,"b:254:21:254:41:254:41:254:Infinity":29,"s:256:2:301:Infinity":52,"f:307:9:307:34":12,"s:308:8:308:Infinity":53,"s:309:8:309:Infinity":54,"s:310:22:310:Infinity":55,"b:310:22:310:73:310:73:310:Infinity":30,"s:311:21:311:Infinity":56,"s:312:23:314:Infinity":57,"b:313:6:313:Infinity:314:6:314:Infinity":31,"b:313:54:313:125:313:125:313:133":32,"s:316:2:343:Infinity":58,"b:321:56:321:74:321:74:321:145":33,"b:321:115:321:133:321:133:321:145":34,"b:321:182:321:188:321:188:321:193":35,"b:326:48:326:95:326:95:326:Infinity":36,"f:349:9:349:30":13,"s:350:22:350:Infinity":59,"b:350:22:350:73:350:73:350:Infinity":37,"s:351:16:351:Infinity":60,"b:351:16:351:45:351:45:351:Infinity":38,"s:352:25:352:Infinity":61,"b:352:25:352:87:352:87:352:Infinity":39,"f:352:37:352:45":14,"s:352:51:352:75":62,"s:354:2:382:Infinity":63,"b:361:29:361:49:361:49:361:51":40,"b:371:107:371:129:371:129:371:213":41,"b:371:170:371:193:371:193:371:213":42,"b:373:84:373:104:373:104:373:Infinity":43,"f:388:9:388:33":15,"s:389:22:389:Infinity":64,"b:389:22:389:73:389:73:389:Infinity":44,"s:390:16:390:Infinity":65,"b:390:16:390:45:390:45:390:Infinity":45,"s:392:2:413:Infinity":66,"b:396:107:396:125:396:125:396:197":46,"b:396:166:396:185:396:185:396:197":47,"b:397:98:397:104:397:104:397:109":48,"b:406:44:406:122:406:122:406:182":49,"b:406:2:406:22:406:22:406:44":50,"f:435:22:435:Infinity":16,"s:440:29:440:Infinity":67,"s:441:2:441:Infinity":68,"f:441:12:441:21":17,"s:441:33:441:72":69,"s:443:17:443:Infinity":70,"s:444:18:444:Infinity":71,"b:444:37:444:63:444:63:444:65":51,"s:445:15:445:Infinity":72,"b:445:15:445:32:445:32:445:Infinity":52,"b:449:4:450:Infinity:451:4:452:Infinity:453:4:454:Infinity:455:4:456:Infinity:457:4:458:Infinity:459:4:460:Infinity":53,"s:448:2:461:Infinity":73,"s:450:6:450:Infinity":74,"s:452:6:452:Infinity":75,"s:454:6:454:Infinity":76,"s:456:6:456:Infinity":77,"s:458:6:458:Infinity":78,"s:460:6:460:Infinity":79,"f:467:16:467:45":18,"s:468:47:473:Infinity":80,"s:474:2:474:Infinity":81,"b:474:9:474:35:474:35:474:62:474:62:474:Infinity":54,"f:480:16:480:Infinity":19,"s:485:2:488:Infinity":82,"b:485:33:485:49:485:49:485:62":55,"b:486:6:486:Infinity:487:6:487:Infinity":56}}}
,"/home/hemanth/projects/carbon-footprint-challenge/src/shared/constants/index.ts": {"path":"/home/hemanth/projects/carbon-footprint-challenge/src/shared/constants/index.ts","statementMap":{"0":{"start":{"line":9,"column":32},"end":{"line":47,"column":null}},"1":{"start":{"line":50,"column":83},"end":{"line":93,"column":null}},"2":{"start":{"line":96,"column":110},"end":{"line":102,"column":null}},"3":{"start":{"line":105,"column":31},"end":{"line":111,"column":null}},"4":{"start":{"line":114,"column":28},"end":{"line":114,"column":null}},"5":{"start":{"line":117,"column":37},"end":{"line":117,"column":null}},"6":{"start":{"line":118,"column":33},"end":{"line":118,"column":null}},"7":{"start":{"line":119,"column":30},"end":{"line":119,"column":null}},"8":{"start":{"line":120,"column":33},"end":{"line":120,"column":null}},"9":{"start":{"line":121,"column":28},"end":{"line":124,"column":null}},"10":{"start":{"line":127,"column":29},"end":{"line":132,"column":null}}},"fnMap":{},"branchMap":{"0":{"loc":{"start":{"line":114,"column":28},"end":{"line":114,"column":null}},"type":"binary-expr","locations":[{"start":{"line":114,"column":28},"end":{"line":114,"column":60}},{"start":{"line":114,"column":60},"end":{"line":114,"column":null}}],"line":114}},"s":{"0":8,"1":8,"2":8,"3":8,"4":8,"5":8,"6":8,"7":8,"8":8,"9":8,"10":8},"f":{},"b":{"0":[8,8]},"meta":{"lastBranch":1,"lastFunction":0,"lastStatement":11,"seen":{"s:9:32:47:Infinity":0,"s:50:83:93:Infinity":1,"s:96:110:102:Infinity":2,"s:105:31:111:Infinity":3,"s:114:28:114:Infinity":4,"b:114:28:114:60:114:60:114:Infinity":0,"s:117:37:117:Infinity":5,"s:118:33:118:Infinity":6,"s:119:30:119:Infinity":7,"s:120:33:120:Infinity":8,"s:121:28:124:Infinity":9,"s:127:29:132:Infinity":10}}}
,"/home/hemanth/projects/carbon-footprint-challenge/src/shared/utils/index.ts": {"path":"/home/hemanth/projects/carbon-footprint-challenge/src/shared/utils/index.ts","statementMap":{"0":{"start":{"line":34,"column":42},"end":{"line":41,"column":null}},"1":{"start":{"line":42,"column":2},"end":{"line":42,"column":null}},"2":{"start":{"line":50,"column":31},"end":{"line":50,"column":null}},"3":{"start":{"line":51,"column":32},"end":{"line":51,"column":null}},"4":{"start":{"line":53,"column":2},"end":{"line":59,"column":null}},"5":{"start":{"line":54,"column":4},"end":{"line":54,"column":null}},"6":{"start":{"line":55,"column":9},"end":{"line":59,"column":null}},"7":{"start":{"line":56,"column":4},"end":{"line":56,"column":null}},"8":{"start":{"line":58,"column":4},"end":{"line":58,"column":null}},"9":{"start":{"line":60,"column":2},"end":{"line":60,"column":null}},"10":{"start":{"line":69,"column":42},"end":{"line":74,"column":null}},"11":{"start":{"line":75,"column":2},"end":{"line":75,"column":null}},"12":{"start":{"line":90,"column":26},"end":{"line":90,"column":null}},"13":{"start":{"line":91,"column":31},"end":{"line":91,"column":null}},"14":{"start":{"line":93,"column":25},"end":{"line":95,"column":null}},"15":{"start":{"line":97,"column":27},"end":{"line":99,"column":null}},"16":{"start":{"line":101,"column":27},"end":{"line":103,"column":null}},"17":{"start":{"line":105,"column":20},"end":{"line":107,"column":null}},"18":{"start":{"line":110,"column":4},"end":{"line":113,"column":null}},"19":{"start":{"line":115,"column":2},"end":{"line":115,"column":null}},"20":{"start":{"line":124,"column":26},"end":{"line":124,"column":null}},"21":{"start":{"line":125,"column":2},"end":{"line":127,"column":null}},"22":{"start":{"line":126,"column":4},"end":{"line":126,"column":null}},"23":{"start":{"line":128,"column":2},"end":{"line":128,"column":null}},"24":{"start":{"line":135,"column":2},"end":{"line":135,"column":null}},"25":{"start":{"line":142,"column":2},"end":{"line":142,"column":null}},"26":{"start":{"line":149,"column":31},"end":{"line":149,"column":null}},"27":{"start":{"line":150,"column":2},"end":{"line":150,"column":null}},"28":{"start":{"line":157,"column":2},"end":{"line":157,"column":null}},"29":{"start":{"line":166,"column":33},"end":{"line":166,"column":null}},"30":{"start":{"line":167,"column":16},"end":{"line":167,"column":null}},"31":{"start":{"line":168,"column":24},"end":{"line":168,"column":null}},"32":{"start":{"line":169,"column":19},"end":{"line":169,"column":null}},"33":{"start":{"line":170,"column":23},"end":{"line":170,"column":null}},"34":{"start":{"line":172,"column":2},"end":{"line":199,"column":null}},"35":{"start":{"line":172,"column":15},"end":{"line":172,"column":25}},"36":{"start":{"line":173,"column":10},"end":{"line":173,"column":null}},"37":{"start":{"line":174,"column":10},"end":{"line":174,"column":null}},"38":{"start":{"line":175,"column":22},"end":{"line":175,"column":null}},"39":{"start":{"line":176,"column":27},"end":{"line":176,"column":null}},"40":{"start":{"line":177,"column":10},"end":{"line":177,"column":null}},"41":{"start":{"line":178,"column":25},"end":{"line":178,"column":null}},"42":{"start":{"line":180,"column":20},"end":{"line":180,"column":null}},"43":{"start":{"line":182,"column":56},"end":{"line":190,"column":null}},"44":{"start":{"line":192,"column":4},"end":{"line":198,"column":null}},"45":{"start":{"line":196,"column":50},"end":{"line":196,"column":76}},"46":{"start":{"line":200,"column":2},"end":{"line":200,"column":null}},"47":{"start":{"line":210,"column":34},"end":{"line":210,"column":null}},"48":{"start":{"line":211,"column":19},"end":{"line":211,"column":null}},"49":{"start":{"line":212,"column":16},"end":{"line":212,"column":null}},"50":{"start":{"line":212,"column":44},"end":{"line":212,"column":61}},"51":{"start":{"line":213,"column":16},"end":{"line":213,"column":null}},"52":{"start":{"line":214,"column":28},"end":{"line":214,"column":null}},"53":{"start":{"line":215,"column":27},"end":{"line":215,"column":null}},"54":{"start":{"line":217,"column":2},"end":{"line":232,"column":null}},"55":{"start":{"line":217,"column":15},"end":{"line":217,"column":18}},"56":{"start":{"line":218,"column":10},"end":{"line":218,"column":null}},"57":{"start":{"line":219,"column":18},"end":{"line":219,"column":null}},"58":{"start":{"line":220,"column":27},"end":{"line":220,"column":null}},"59":{"start":{"line":221,"column":24},"end":{"line":221,"column":null}},"60":{"start":{"line":222,"column":24},"end":{"line":222,"column":null}},"61":{"start":{"line":223,"column":23},"end":{"line":223,"column":null}},"62":{"start":{"line":225,"column":4},"end":{"line":231,"column":null}},"63":{"start":{"line":233,"column":2},"end":{"line":233,"column":null}},"64":{"start":{"line":244,"column":22},"end":{"line":244,"column":null}},"65":{"start":{"line":245,"column":28},"end":{"line":245,"column":null}},"66":{"start":{"line":246,"column":22},"end":{"line":246,"column":null}},"67":{"start":{"line":247,"column":22},"end":{"line":247,"column":null}},"68":{"start":{"line":249,"column":19},"end":{"line":253,"column":null}},"69":{"start":{"line":249,"column":57},"end":{"line":253,"column":4}},"70":{"start":{"line":255,"column":2},"end":{"line":265,"column":null}},"71":{"start":{"line":271,"column":17},"end":{"line":271,"column":null}},"72":{"start":{"line":272,"column":2},"end":{"line":272,"column":null}},"73":{"start":{"line":276,"column":2},"end":{"line":276,"column":null}},"74":{"start":{"line":280,"column":8},"end":{"line":280,"column":null}},"75":{"start":{"line":281,"column":2},"end":{"line":284,"column":null}},"76":{"start":{"line":288,"column":2},"end":{"line":288,"column":null}},"77":{"start":{"line":292,"column":2},"end":{"line":292,"column":null}}},"fnMap":{"0":{"name":"calculateTransportEmissions","decl":{"start":{"line":30,"column":16},"end":{"line":30,"column":null}},"loc":{"start":{"line":33,"column":10},"end":{"line":43,"column":null}},"line":33},"1":{"name":"calculateFlightEmissions","decl":{"start":{"line":48,"column":16},"end":{"line":48,"column":41}},"loc":{"start":{"line":48,"column":69},"end":{"line":61,"column":null}},"line":48},"2":{"name":"calculateMealEmissions","decl":{"start":{"line":66,"column":16},"end":{"line":66,"column":null}},"loc":{"start":{"line":68,"column":10},"end":{"line":76,"column":null}},"line":68},"3":{"name":"calculateSustainabilityScore","decl":{"start":{"line":83,"column":16},"end":{"line":83,"column":45}},"loc":{"start":{"line":89,"column":11},"end":{"line":116,"column":null}},"line":89},"4":{"name":"formatCarbonAmount","decl":{"start":{"line":123,"column":16},"end":{"line":123,"column":35}},"loc":{"start":{"line":123,"column":55},"end":{"line":129,"column":null}},"line":123},"5":{"name":"formatPercent","decl":{"start":{"line":134,"column":16},"end":{"line":134,"column":30}},"loc":{"start":{"line":134,"column":53},"end":{"line":136,"column":null}},"line":134},"6":{"name":"formatDate","decl":{"start":{"line":141,"column":16},"end":{"line":141,"column":27}},"loc":{"start":{"line":141,"column":79},"end":{"line":143,"column":null}},"line":141},"7":{"name":"kgToTrees","decl":{"start":{"line":148,"column":16},"end":{"line":148,"column":26}},"loc":{"start":{"line":148,"column":46},"end":{"line":151,"column":null}},"line":148},"8":{"name":"kgToDrivingKm","decl":{"start":{"line":156,"column":16},"end":{"line":156,"column":30}},"loc":{"start":{"line":156,"column":50},"end":{"line":158,"column":null}},"line":156},"9":{"name":"generateDemoFootprintData","decl":{"start":{"line":165,"column":16},"end":{"line":165,"column":42}},"loc":{"start":{"line":165,"column":74},"end":{"line":201,"column":null}},"line":165},"10":{"name":"(anonymous_10)","decl":{"start":{"line":196,"column":34},"end":{"line":196,"column":39}},"loc":{"start":{"line":196,"column":50},"end":{"line":196,"column":76}},"line":196},"11":{"name":"generateDemoForecast","decl":{"start":{"line":206,"column":16},"end":{"line":206,"column":null}},"loc":{"start":{"line":209,"column":19},"end":{"line":234,"column":null}},"line":209},"12":{"name":"(anonymous_12)","decl":{"start":{"line":212,"column":25},"end":{"line":212,"column":33}},"loc":{"start":{"line":212,"column":44},"end":{"line":212,"column":61}},"line":212},"13":{"name":"generateSimulationResult","decl":{"start":{"line":239,"column":16},"end":{"line":239,"column":null}},"loc":{"start":{"line":243,"column":20},"end":{"line":266,"column":null}},"line":243},"14":{"name":"(anonymous_14)","decl":{"start":{"line":249,"column":43},"end":{"line":249,"column":47}},"loc":{"start":{"line":249,"column":57},"end":{"line":253,"column":4}},"line":249},"15":{"name":"roundToDecimals","decl":{"start":{"line":270,"column":16},"end":{"line":270,"column":32}},"loc":{"start":{"line":270,"column":73},"end":{"line":273,"column":null}},"line":270},"16":{"name":"clamp","decl":{"start":{"line":275,"column":16},"end":{"line":275,"column":22}},"loc":{"start":{"line":275,"column":71},"end":{"line":277,"column":null}},"line":275},"17":{"name":"getWeekRange","decl":{"start":{"line":279,"column":16},"end":{"line":279,"column":29}},"loc":{"start":{"line":279,"column":78},"end":{"line":285,"column":null}},"line":279},"18":{"name":"getDaysBetween","decl":{"start":{"line":287,"column":16},"end":{"line":287,"column":31}},"loc":{"start":{"line":287,"column":75},"end":{"line":289,"column":null}},"line":287},"19":{"name":"generateId","decl":{"start":{"line":291,"column":16},"end":{"line":291,"column":37}},"loc":{"start":{"line":291,"column":37},"end":{"line":293,"column":null}},"line":291}},"branchMap":{"0":{"loc":{"start":{"line":42,"column":39},"end":{"line":42,"column":60}},"type":"binary-expr","locations":[{"start":{"line":42,"column":39},"end":{"line":42,"column":56}},{"start":{"line":42,"column":56},"end":{"line":42,"column":60}}],"line":42},"1":{"loc":{"start":{"line":53,"column":2},"end":{"line":59,"column":null}},"type":"if","locations":[{"start":{"line":53,"column":2},"end":{"line":59,"column":null}},{"start":{"line":55,"column":9},"end":{"line":59,"column":null}}],"line":53},"2":{"loc":{"start":{"line":55,"column":9},"end":{"line":59,"column":null}},"type":"if","locations":[{"start":{"line":55,"column":9},"end":{"line":59,"column":null}},{"start":{"line":57,"column":9},"end":{"line":59,"column":null}}],"line":55},"3":{"loc":{"start":{"line":75,"column":9},"end":{"line":75,"column":null}},"type":"binary-expr","locations":[{"start":{"line":75,"column":9},"end":{"line":75,"column":30}},{"start":{"line":75,"column":30},"end":{"line":75,"column":null}}],"line":75},"4":{"loc":{"start":{"line":105,"column":20},"end":{"line":107,"column":null}},"type":"cond-expr","locations":[{"start":{"line":106,"column":7},"end":{"line":106,"column":null}},{"start":{"line":107,"column":6},"end":{"line":107,"column":null}}],"line":105},"5":{"loc":{"start":{"line":125,"column":2},"end":{"line":127,"column":null}},"type":"if","locations":[{"start":{"line":125,"column":2},"end":{"line":127,"column":null}},{"start":{},"end":{}}],"line":125},"6":{"loc":{"start":{"line":135,"column":12},"end":{"line":135,"column":36}},"type":"cond-expr","locations":[{"start":{"line":135,"column":25},"end":{"line":135,"column":31}},{"start":{"line":135,"column":31},"end":{"line":135,"column":36}}],"line":135},"7":{"loc":{"start":{"line":141,"column":44},"end":{"line":141,"column":79}},"type":"default-arg","locations":[{"start":{"line":141,"column":56},"end":{"line":141,"column":79}}],"line":141},"8":{"loc":{"start":{"line":175,"column":22},"end":{"line":175,"column":null}},"type":"binary-expr","locations":[{"start":{"line":175,"column":22},"end":{"line":175,"column":41}},{"start":{"line":175,"column":41},"end":{"line":175,"column":null}}],"line":175},"9":{"loc":{"start":{"line":178,"column":25},"end":{"line":178,"column":null}},"type":"cond-expr","locations":[{"start":{"line":178,"column":37},"end":{"line":178,"column":41}},{"start":{"line":178,"column":41},"end":{"line":178,"column":null}}],"line":178},"10":{"loc":{"start":{"line":184,"column":15},"end":{"line":184,"column":null}},"type":"cond-expr","locations":[{"start":{"line":184,"column":38},"end":{"line":184,"column":54}},{"start":{"line":184,"column":54},"end":{"line":184,"column":null}}],"line":184},"11":{"loc":{"start":{"line":187,"column":16},"end":{"line":187,"column":null}},"type":"cond-expr","locations":[{"start":{"line":187,"column":38},"end":{"line":187,"column":54}},{"start":{"line":187,"column":54},"end":{"line":187,"column":null}}],"line":187}},"s":{"0":18,"1":18,"2":11,"3":11,"4":11,"5":6,"6":5,"7":2,"8":3,"9":11,"10":18,"11":18,"12":15,"13":15,"14":15,"15":15,"16":15,"17":15,"18":15,"19":15,"20":99,"21":99,"22":28,"23":71,"24":6,"25":4,"26":8,"27":8,"28":6,"29":18,"30":18,"31":18,"32":18,"33":18,"34":18,"35":18,"36":702,"37":702,"38":702,"39":702,"40":702,"41":702,"42":702,"43":702,"44":702,"45":4914,"46":702,"47":7,"48":7,"49":7,"50":210,"51":7,"52":7,"53":7,"54":7,"55":7,"56":170,"57":170,"58":170,"59":170,"60":170,"61":170,"62":170,"63":7,"64":7,"65":7,"66":7,"67":7,"68":7,"69":84,"70":7,"71":6892,"72":6892,"73":10,"74":2,"75":2,"76":5,"77":14},"f":{"0":18,"1":11,"2":18,"3":15,"4":99,"5":6,"6":4,"7":8,"8":6,"9":18,"10":4914,"11":7,"12":210,"13":7,"14":84,"15":6892,"16":10,"17":2,"18":5,"19":14},"b":{"0":[18,0],"1":[6,5],"2":[2,3],"3":[18,0],"4":[13,2],"5":[28,71],"6":[4,2],"7":[4],"8":[702,594],"9":[216,486],"10":[30,672],"11":[206,496]},"meta":{"lastBranch":12,"lastFunction":20,"lastStatement":78,"seen":{"f:30:16:30:Infinity":0,"s:34:42:41:Infinity":0,"s:42:2:42:Infinity":1,"b:42:39:42:56:42:56:42:60":0,"f:48:16:48:41":1,"s:50:31:50:Infinity":2,"s:51:32:51:Infinity":3,"b:53:2:59:Infinity:55:9:59:Infinity":1,"s:53:2:59:Infinity":4,"s:54:4:54:Infinity":5,"b:55:9:59:Infinity:57:9:59:Infinity":2,"s:55:9:59:Infinity":6,"s:56:4:56:Infinity":7,"s:58:4:58:Infinity":8,"s:60:2:60:Infinity":9,"f:66:16:66:Infinity":2,"s:69:42:74:Infinity":10,"s:75:2:75:Infinity":11,"b:75:9:75:30:75:30:75:Infinity":3,"f:83:16:83:45":3,"s:90:26:90:Infinity":12,"s:91:31:91:Infinity":13,"s:93:25:95:Infinity":14,"s:97:27:99:Infinity":15,"s:101:27:103:Infinity":16,"s:105:20:107:Infinity":17,"b:106:7:106:Infinity:107:6:107:Infinity":4,"s:110:4:113:Infinity":18,"s:115:2:115:Infinity":19,"f:123:16:123:35":4,"s:124:26:124:Infinity":20,"b:125:2:127:Infinity:undefined:undefined:undefined:undefined":5,"s:125:2:127:Infinity":21,"s:126:4:126:Infinity":22,"s:128:2:128:Infinity":23,"f:134:16:134:30":5,"s:135:2:135:Infinity":24,"b:135:25:135:31:135:31:135:36":6,"f:141:16:141:27":6,"b:141:56:141:79":7,"s:142:2:142:Infinity":25,"f:148:16:148:26":7,"s:149:31:149:Infinity":26,"s:150:2:150:Infinity":27,"f:156:16:156:30":8,"s:157:2:157:Infinity":28,"f:165:16:165:42":9,"s:166:33:166:Infinity":29,"s:167:16:167:Infinity":30,"s:168:24:168:Infinity":31,"s:169:19:169:Infinity":32,"s:170:23:170:Infinity":33,"s:172:2:199:Infinity":34,"s:172:15:172:25":35,"s:173:10:173:Infinity":36,"s:174:10:174:Infinity":37,"s:175:22:175:Infinity":38,"b:175:22:175:41:175:41:175:Infinity":8,"s:176:27:176:Infinity":39,"s:177:10:177:Infinity":40,"s:178:25:178:Infinity":41,"b:178:37:178:41:178:41:178:Infinity":9,"s:180:20:180:Infinity":42,"s:182:56:190:Infinity":43,"b:184:38:184:54:184:54:184:Infinity":10,"b:187:38:187:54:187:54:187:Infinity":11,"s:192:4:198:Infinity":44,"f:196:34:196:39":10,"s:196:50:196:76":45,"s:200:2:200:Infinity":46,"f:206:16:206:Infinity":11,"s:210:34:210:Infinity":47,"s:211:19:211:Infinity":48,"s:212:16:212:Infinity":49,"f:212:25:212:33":12,"s:212:44:212:61":50,"s:213:16:213:Infinity":51,"s:214:28:214:Infinity":52,"s:215:27:215:Infinity":53,"s:217:2:232:Infinity":54,"s:217:15:217:18":55,"s:218:10:218:Infinity":56,"s:219:18:219:Infinity":57,"s:220:27:220:Infinity":58,"s:221:24:221:Infinity":59,"s:222:24:222:Infinity":60,"s:223:23:223:Infinity":61,"s:225:4:231:Infinity":62,"s:233:2:233:Infinity":63,"f:239:16:239:Infinity":13,"s:244:22:244:Infinity":64,"s:245:28:245:Infinity":65,"s:246:22:246:Infinity":66,"s:247:22:247:Infinity":67,"s:249:19:253:Infinity":68,"f:249:43:249:47":14,"s:249:57:253:4":69,"s:255:2:265:Infinity":70,"f:270:16:270:32":15,"s:271:17:271:Infinity":71,"s:272:2:272:Infinity":72,"f:275:16:275:22":16,"s:276:2:276:Infinity":73,"f:279:16:279:29":17,"s:280:8:280:Infinity":74,"s:281:2:284:Infinity":75,"f:287:16:287:31":18,"s:288:2:288:Infinity":76,"f:291:16:291:37":19,"s:292:2:292:Infinity":77}}}
,"/home/hemanth/projects/carbon-footprint-challenge/src/shared/utils/performance.ts": {"path":"/home/hemanth/projects/carbon-footprint-challenge/src/shared/utils/performance.ts","statementMap":{"0":{"start":{"line":15,"column":52},"end":{"line":15,"column":null}},"1":{"start":{"line":17,"column":2},"end":{"line":23,"column":null}},"2":{"start":{"line":18,"column":4},"end":{"line":18,"column":null}},"3":{"start":{"line":18,"column":24},"end":{"line":18,"column":null}},"4":{"start":{"line":19,"column":4},"end":{"line":22,"column":null}},"5":{"start":{"line":20,"column":6},"end":{"line":20,"column":null}},"6":{"start":{"line":21,"column":6},"end":{"line":21,"column":null}},"7":{"start":{"line":34,"column":17},"end":{"line":34,"column":null}},"8":{"start":{"line":36,"column":2},"end":{"line":42,"column":null}},"9":{"start":{"line":37,"column":16},"end":{"line":37,"column":null}},"10":{"start":{"line":38,"column":4},"end":{"line":41,"column":null}},"11":{"start":{"line":39,"column":6},"end":{"line":39,"column":null}},"12":{"start":{"line":40,"column":6},"end":{"line":40,"column":null}},"13":{"start":{"line":56,"column":16},"end":{"line":56,"column":null}},"14":{"start":{"line":58,"column":2},"end":{"line":73,"column":null}},"15":{"start":{"line":59,"column":16},"end":{"line":59,"column":null}},"16":{"start":{"line":60,"column":4},"end":{"line":62,"column":null}},"17":{"start":{"line":61,"column":6},"end":{"line":61,"column":null}},"18":{"start":{"line":63,"column":19},"end":{"line":63,"column":null}},"19":{"start":{"line":65,"column":4},"end":{"line":70,"column":null}},"20":{"start":{"line":66,"column":23},"end":{"line":66,"column":null}},"21":{"start":{"line":67,"column":6},"end":{"line":69,"column":null}},"22":{"start":{"line":68,"column":8},"end":{"line":68,"column":null}},"23":{"start":{"line":71,"column":4},"end":{"line":71,"column":null}},"24":{"start":{"line":72,"column":4},"end":{"line":72,"column":null}},"25":{"start":{"line":84,"column":2},"end":{"line":84,"column":null}},"26":{"start":{"line":84,"column":28},"end":{"line":84,"column":null}},"27":{"start":{"line":86,"column":16},"end":{"line":86,"column":null}},"28":{"start":{"line":87,"column":17},"end":{"line":87,"column":null}},"29":{"start":{"line":88,"column":19},"end":{"line":88,"column":null}},"30":{"start":{"line":90,"column":2},"end":{"line":92,"column":null}},"31":{"start":{"line":91,"column":4},"end":{"line":91,"column":null}},"32":{"start":{"line":94,"column":2},"end":{"line":94,"column":null}},"33":{"start":{"line":102,"column":2},"end":{"line":102,"column":null}}},"fnMap":{"0":{"name":"debounce","decl":{"start":{"line":11,"column":16},"end":{"line":11,"column":null}},"loc":{"start":{"line":14,"column":36},"end":{"line":24,"column":null}},"line":14},"1":{"name":"(anonymous_1)","decl":{"start":{"line":17,"column":2},"end":{"line":17,"column":10}},"loc":{"start":{"line":17,"column":43},"end":{"line":23,"column":null}},"line":17},"2":{"name":"(anonymous_2)","decl":{"start":{"line":19,"column":12},"end":{"line":19,"column":29}},"loc":{"start":{"line":19,"column":29},"end":{"line":22,"column":7}},"line":19},"3":{"name":"throttle","decl":{"start":{"line":30,"column":16},"end":{"line":30,"column":null}},"loc":{"start":{"line":33,"column":36},"end":{"line":43,"column":null}},"line":33},"4":{"name":"(anonymous_4)","decl":{"start":{"line":36,"column":2},"end":{"line":36,"column":10}},"loc":{"start":{"line":36,"column":43},"end":{"line":42,"column":null}},"line":36},"5":{"name":"memoize","decl":{"start":{"line":52,"column":16},"end":{"line":52,"column":null}},"loc":{"start":{"line":55,"column":31},"end":{"line":74,"column":null}},"line":55},"6":{"name":"(anonymous_6)","decl":{"start":{"line":58,"column":2},"end":{"line":58,"column":10}},"loc":{"start":{"line":58,"column":38},"end":{"line":73,"column":null}},"line":58},"7":{"name":"measurePerformance","decl":{"start":{"line":83,"column":16},"end":{"line":83,"column":38}},"loc":{"start":{"line":83,"column":69},"end":{"line":95,"column":null}},"line":83},"8":{"name":"batchRead","decl":{"start":{"line":101,"column":16},"end":{"line":101,"column":26}},"loc":{"start":{"line":101,"column":54},"end":{"line":103,"column":null}},"line":101}},"branchMap":{"0":{"loc":{"start":{"line":18,"column":4},"end":{"line":18,"column":null}},"type":"if","locations":[{"start":{"line":18,"column":4},"end":{"line":18,"column":null}},{"start":{},"end":{}}],"line":18},"1":{"loc":{"start":{"line":38,"column":4},"end":{"line":41,"column":null}},"type":"if","locations":[{"start":{"line":38,"column":4},"end":{"line":41,"column":null}},{"start":{},"end":{}}],"line":38},"2":{"loc":{"start":{"line":54,"column":2},"end":{"line":54,"column":null}},"type":"default-arg","locations":[{"start":{"line":54,"column":12},"end":{"line":54,"column":null}}],"line":54},"3":{"loc":{"start":{"line":60,"column":4},"end":{"line":62,"column":null}},"type":"if","locations":[{"start":{"line":60,"column":4},"end":{"line":62,"column":null}},{"start":{},"end":{}}],"line":60},"4":{"loc":{"start":{"line":65,"column":4},"end":{"line":70,"column":null}},"type":"if","locations":[{"start":{"line":65,"column":4},"end":{"line":70,"column":null}},{"start":{},"end":{}}],"line":65},"5":{"loc":{"start":{"line":67,"column":6},"end":{"line":69,"column":null}},"type":"if","locations":[{"start":{"line":67,"column":6},"end":{"line":69,"column":null}},{"start":{},"end":{}}],"line":67},"6":{"loc":{"start":{"line":84,"column":2},"end":{"line":84,"column":null}},"type":"if","locations":[{"start":{"line":84,"column":2},"end":{"line":84,"column":null}},{"start":{},"end":{}}],"line":84},"7":{"loc":{"start":{"line":90,"column":2},"end":{"line":92,"column":null}},"type":"if","locations":[{"start":{"line":90,"column":2},"end":{"line":92,"column":null}},{"start":{},"end":{}}],"line":90}},"s":{"0":4,"1":4,"2":7,"3":3,"4":7,"5":4,"6":4,"7":4,"8":4,"9":7,"10":7,"11":5,"12":5,"13":5,"14":5,"15":14,"16":14,"17":3,"18":11,"19":11,"20":2,"21":2,"22":2,"23":11,"24":11,"25":4,"26":0,"27":4,"28":4,"29":4,"30":4,"31":0,"32":3,"33":2},"f":{"0":4,"1":7,"2":4,"3":4,"4":7,"5":5,"6":14,"7":4,"8":2},"b":{"0":[3,4],"1":[5,2],"2":[5],"3":[3,11],"4":[2,9],"5":[2,0],"6":[0,4],"7":[0,4]},"meta":{"lastBranch":8,"lastFunction":9,"lastStatement":34,"seen":{"f:11:16:11:Infinity":0,"s:15:52:15:Infinity":0,"s:17:2:23:Infinity":1,"f:17:2:17:10":1,"b:18:4:18:Infinity:undefined:undefined:undefined:undefined":0,"s:18:4:18:Infinity":2,"s:18:24:18:Infinity":3,"s:19:4:22:Infinity":4,"f:19:12:19:29":2,"s:20:6:20:Infinity":5,"s:21:6:21:Infinity":6,"f:30:16:30:Infinity":3,"s:34:17:34:Infinity":7,"s:36:2:42:Infinity":8,"f:36:2:36:10":4,"s:37:16:37:Infinity":9,"b:38:4:41:Infinity:undefined:undefined:undefined:undefined":1,"s:38:4:41:Infinity":10,"s:39:6:39:Infinity":11,"s:40:6:40:Infinity":12,"f:52:16:52:Infinity":5,"b:54:12:54:Infinity":2,"s:56:16:56:Infinity":13,"s:58:2:73:Infinity":14,"f:58:2:58:10":6,"s:59:16:59:Infinity":15,"b:60:4:62:Infinity:undefined:undefined:undefined:undefined":3,"s:60:4:62:Infinity":16,"s:61:6:61:Infinity":17,"s:63:19:63:Infinity":18,"b:65:4:70:Infinity:undefined:undefined:undefined:undefined":4,"s:65:4:70:Infinity":19,"s:66:23:66:Infinity":20,"b:67:6:69:Infinity:undefined:undefined:undefined:undefined":5,"s:67:6:69:Infinity":21,"s:68:8:68:Infinity":22,"s:71:4:71:Infinity":23,"s:72:4:72:Infinity":24,"f:83:16:83:38":7,"b:84:2:84:Infinity:undefined:undefined:undefined:undefined":6,"s:84:2:84:Infinity":25,"s:84:28:84:Infinity":26,"s:86:16:86:Infinity":27,"s:87:17:87:Infinity":28,"s:88:19:88:Infinity":29,"b:90:2:92:Infinity:undefined:undefined:undefined:undefined":7,"s:90:2:92:Infinity":30,"s:91:4:91:Infinity":31,"s:94:2:94:Infinity":32,"f:101:16:101:26":8,"s:102:2:102:Infinity":33}}}
,"/home/hemanth/projects/carbon-footprint-challenge/src/shared/utils/security.ts": {"path":"/home/hemanth/projects/carbon-footprint-challenge/src/shared/utils/security.ts","statementMap":{"0":{"start":{"line":7,"column":48},"end":{"line":15,"column":null}},"1":{"start":{"line":17,"column":26},"end":{"line":17,"column":null}},"2":{"start":{"line":24,"column":2},"end":{"line":24,"column":null}},"3":{"start":{"line":24,"column":34},"end":{"line":24,"column":null}},"4":{"start":{"line":25,"column":2},"end":{"line":25,"column":null}},"5":{"start":{"line":25,"column":53},"end":{"line":25,"column":82}},"6":{"start":{"line":33,"column":2},"end":{"line":33,"column":null}},"7":{"start":{"line":33,"column":33},"end":{"line":33,"column":null}},"8":{"start":{"line":36,"column":2},"end":{"line":36,"column":null}},"9":{"start":{"line":49,"column":14},"end":{"line":49,"column":null}},"10":{"start":{"line":50,"column":2},"end":{"line":50,"column":null}},"11":{"start":{"line":50,"column":29},"end":{"line":50,"column":null}},"12":{"start":{"line":51,"column":2},"end":{"line":51,"column":null}},"13":{"start":{"line":58,"column":2},"end":{"line":58,"column":null}},"14":{"start":{"line":58,"column":33},"end":{"line":58,"column":null}},"15":{"start":{"line":59,"column":18},"end":{"line":59,"column":null}},"16":{"start":{"line":60,"column":2},"end":{"line":60,"column":null}},"17":{"start":{"line":68,"column":29},"end":{"line":68,"column":null}},"18":{"start":{"line":70,"column":2},"end":{"line":86,"column":null}},"19":{"start":{"line":72,"column":18},"end":{"line":72,"column":null}},"20":{"start":{"line":74,"column":6},"end":{"line":76,"column":null}},"21":{"start":{"line":75,"column":8},"end":{"line":75,"column":null}},"22":{"start":{"line":77,"column":6},"end":{"line":79,"column":null}},"23":{"start":{"line":78,"column":8},"end":{"line":78,"column":null}},"24":{"start":{"line":80,"column":6},"end":{"line":80,"column":null}},"25":{"start":{"line":81,"column":6},"end":{"line":81,"column":null}},"26":{"start":{"line":84,"column":6},"end":{"line":84,"column":null}},"27":{"start":{"line":94,"column":2},"end":{"line":94,"column":null}},"28":{"start":{"line":94,"column":32},"end":{"line":94,"column":null}},"29":{"start":{"line":97,"column":13},"end":{"line":97,"column":null}},"30":{"start":{"line":100,"column":2},"end":{"line":111,"column":null}},"31":{"start":{"line":106,"column":20},"end":{"line":106,"column":null}},"32":{"start":{"line":106,"column":64},"end":{"line":106,"column":72}},"33":{"start":{"line":107,"column":6},"end":{"line":107,"column":null}},"34":{"start":{"line":107,"column":59},"end":{"line":107,"column":78}},"35":{"start":{"line":113,"column":2},"end":{"line":113,"column":null}}},"fnMap":{"0":{"name":"escapeHtml","decl":{"start":{"line":23,"column":16},"end":{"line":23,"column":27}},"loc":{"start":{"line":23,"column":51},"end":{"line":26,"column":null}},"line":23},"1":{"name":"(anonymous_1)","decl":{"start":{"line":25,"column":24},"end":{"line":25,"column":44}},"loc":{"start":{"line":25,"column":53},"end":{"line":25,"column":82}},"line":25},"2":{"name":"sanitizeInput","decl":{"start":{"line":32,"column":16},"end":{"line":32,"column":30}},"loc":{"start":{"line":32,"column":53},"end":{"line":37,"column":null}},"line":32},"3":{"name":"sanitizeNumber","decl":{"start":{"line":43,"column":16},"end":{"line":43,"column":null}},"loc":{"start":{"line":48,"column":10},"end":{"line":52,"column":null}},"line":48},"4":{"name":"isValidEmail","decl":{"start":{"line":57,"column":16},"end":{"line":57,"column":29}},"loc":{"start":{"line":57,"column":53},"end":{"line":61,"column":null}},"line":57},"5":{"name":"createRateLimiter","decl":{"start":{"line":67,"column":16},"end":{"line":67,"column":34}},"loc":{"start":{"line":67,"column":73},"end":{"line":87,"column":null}},"line":67},"6":{"name":"tryAction","decl":{"start":{"line":71,"column":4},"end":{"line":71,"column":25}},"loc":{"start":{"line":71,"column":25},"end":{"line":82,"column":null}},"line":71},"7":{"name":"reset","decl":{"start":{"line":83,"column":4},"end":{"line":83,"column":18}},"loc":{"start":{"line":83,"column":18},"end":{"line":85,"column":null}},"line":83},"8":{"name":"safeMarkdownToHtml","decl":{"start":{"line":93,"column":16},"end":{"line":93,"column":35}},"loc":{"start":{"line":93,"column":57},"end":{"line":114,"column":null}},"line":93},"9":{"name":"(anonymous_9)","decl":{"start":{"line":105,"column":13},"end":{"line":105,"column":29}},"loc":{"start":{"line":105,"column":39},"end":{"line":108,"column":5}},"line":105},"10":{"name":"(anonymous_10)","decl":{"start":{"line":106,"column":53},"end":{"line":106,"column":58}},"loc":{"start":{"line":106,"column":64},"end":{"line":106,"column":72}},"line":106},"11":{"name":"(anonymous_11)","decl":{"start":{"line":107,"column":48},"end":{"line":107,"column":53}},"loc":{"start":{"line":107,"column":59},"end":{"line":107,"column":78}},"line":107}},"branchMap":{"0":{"loc":{"start":{"line":24,"column":2},"end":{"line":24,"column":null}},"type":"if","locations":[{"start":{"line":24,"column":2},"end":{"line":24,"column":null}},{"start":{},"end":{}}],"line":24},"1":{"loc":{"start":{"line":25,"column":53},"end":{"line":25,"column":82}},"type":"binary-expr","locations":[{"start":{"line":25,"column":53},"end":{"line":25,"column":78}},{"start":{"line":25,"column":78},"end":{"line":25,"column":82}}],"line":25},"2":{"loc":{"start":{"line":33,"column":2},"end":{"line":33,"column":null}},"type":"if","locations":[{"start":{"line":33,"column":2},"end":{"line":33,"column":null}},{"start":{},"end":{}}],"line":33},"3":{"loc":{"start":{"line":49,"column":14},"end":{"line":49,"column":null}},"type":"cond-expr","locations":[{"start":{"line":49,"column":42},"end":{"line":49,"column":62}},{"start":{"line":49,"column":62},"end":{"line":49,"column":null}}],"line":49},"4":{"loc":{"start":{"line":50,"column":2},"end":{"line":50,"column":null}},"type":"if","locations":[{"start":{"line":50,"column":2},"end":{"line":50,"column":null}},{"start":{},"end":{}}],"line":50},"5":{"loc":{"start":{"line":58,"column":2},"end":{"line":58,"column":null}},"type":"if","locations":[{"start":{"line":58,"column":2},"end":{"line":58,"column":null}},{"start":{},"end":{}}],"line":58},"6":{"loc":{"start":{"line":60,"column":9},"end":{"line":60,"column":null}},"type":"binary-expr","locations":[{"start":{"line":60,"column":9},"end":{"line":60,"column":32}},{"start":{"line":60,"column":32},"end":{"line":60,"column":null}}],"line":60},"7":{"loc":{"start":{"line":74,"column":13},"end":{"line":74,"column":75}},"type":"binary-expr","locations":[{"start":{"line":74,"column":13},"end":{"line":74,"column":37}},{"start":{"line":74,"column":31},"end":{"line":74,"column":75}}],"line":74},"8":{"loc":{"start":{"line":74,"column":37},"end":{"line":74,"column":59}},"type":"binary-expr","locations":[{"start":{"line":74,"column":37},"end":{"line":74,"column":52}},{"start":{"line":74,"column":52},"end":{"line":74,"column":59}}],"line":74},"9":{"loc":{"start":{"line":77,"column":6},"end":{"line":79,"column":null}},"type":"if","locations":[{"start":{"line":77,"column":6},"end":{"line":79,"column":null}},{"start":{},"end":{}}],"line":77},"10":{"loc":{"start":{"line":94,"column":2},"end":{"line":94,"column":null}},"type":"if","locations":[{"start":{"line":94,"column":2},"end":{"line":94,"column":null}},{"start":{},"end":{}}],"line":94}},"s":{"0":4,"1":4,"2":35,"3":4,"4":31,"5":51,"6":18,"7":2,"8":16,"9":18,"10":18,"11":7,"12":11,"13":15,"14":2,"15":13,"16":13,"17":10,"18":10,"19":28,"20":28,"21":1,"22":28,"23":6,"24":22,"25":22,"26":16,"27":17,"28":1,"29":16,"30":16,"31":1,"32":2,"33":1,"34":2,"35":16},"f":{"0":35,"1":51,"2":18,"3":18,"4":15,"5":10,"6":28,"7":16,"8":17,"9":1,"10":2,"11":2},"b":{"0":[4,31],"1":[51,0],"2":[2,16],"3":[4,14],"4":[7,11],"5":[2,13],"6":[13,5],"7":[28,13],"8":[13,0],"9":[6,22],"10":[1,16]},"meta":{"lastBranch":11,"lastFunction":12,"lastStatement":36,"seen":{"s:7:48:15:Infinity":0,"s:17:26:17:Infinity":1,"f:23:16:23:27":0,"b:24:2:24:Infinity:undefined:undefined:undefined:undefined":0,"s:24:2:24:Infinity":2,"s:24:34:24:Infinity":3,"s:25:2:25:Infinity":4,"f:25:24:25:44":1,"s:25:53:25:82":5,"b:25:53:25:78:25:78:25:82":1,"f:32:16:32:30":2,"b:33:2:33:Infinity:undefined:undefined:undefined:undefined":2,"s:33:2:33:Infinity":6,"s:33:33:33:Infinity":7,"s:36:2:36:Infinity":8,"f:43:16:43:Infinity":3,"s:49:14:49:Infinity":9,"b:49:42:49:62:49:62:49:Infinity":3,"b:50:2:50:Infinity:undefined:undefined:undefined:undefined":4,"s:50:2:50:Infinity":10,"s:50:29:50:Infinity":11,"s:51:2:51:Infinity":12,"f:57:16:57:29":4,"b:58:2:58:Infinity:undefined:undefined:undefined:undefined":5,"s:58:2:58:Infinity":13,"s:58:33:58:Infinity":14,"s:59:18:59:Infinity":15,"s:60:2:60:Infinity":16,"b:60:9:60:32:60:32:60:Infinity":6,"f:67:16:67:34":5,"s:68:29:68:Infinity":17,"s:70:2:86:Infinity":18,"f:71:4:71:25":6,"s:72:18:72:Infinity":19,"s:74:6:76:Infinity":20,"b:74:13:74:37:74:31:74:75":7,"b:74:37:74:52:74:52:74:59":8,"s:75:8:75:Infinity":21,"b:77:6:79:Infinity:undefined:undefined:undefined:undefined":9,"s:77:6:79:Infinity":22,"s:78:8:78:Infinity":23,"s:80:6:80:Infinity":24,"s:81:6:81:Infinity":25,"f:83:4:83:18":7,"s:84:6:84:Infinity":26,"f:93:16:93:35":8,"b:94:2:94:Infinity:undefined:undefined:undefined:undefined":10,"s:94:2:94:Infinity":27,"s:94:32:94:Infinity":28,"s:97:13:97:Infinity":29,"s:100:2:111:Infinity":30,"f:105:13:105:29":9,"s:106:20:106:Infinity":31,"f:106:53:106:58":10,"s:106:64:106:72":32,"s:107:6:107:Infinity":33,"f:107:48:107:53":11,"s:107:59:107:78":34,"s:113:2:113:Infinity":35}}}
}
