TN:
SF:src/app/store.ts
FN:34,createDemoUser
FN:61,createDemoChallenges
FN:96,createDemoCommunityGroups
FN:106,createDemoLeaderboard
FN:109,(anonymous_4)
FN:120,createDemoReports
FN:202,(anonymous_6)
FN:207,(anonymous_7)
FN:214,(anonymous_8)
FN:239,(anonymous_9)
FN:247,(anonymous_10)
FN:249,(anonymous_11)
FN:249,(anonymous_12)
FN:254,(anonymous_13)
FN:263,(anonymous_14)
FN:270,(anonymous_15)
FN:271,(anonymous_16)
FN:272,(anonymous_17)
FN:283,(anonymous_18)
FN:284,(anonymous_19)
FN:285,(anonymous_20)
FN:293,(anonymous_21)
FN:303,(anonymous_22)
FN:308,(anonymous_23)
FN:315,(anonymous_24)
FN:315,(anonymous_25)
FNF:26
FNH:26
FNDA:5,createDemoUser
FNDA:5,createDemoChallenges
FNDA:5,createDemoCommunityGroups
FNDA:5,createDemoLeaderboard
FNDA:50,(anonymous_4)
FNDA:5,createDemoReports
FNDA:2,(anonymous_6)
FNDA:5,(anonymous_7)
FNDA:5,(anonymous_8)
FNDA:14,(anonymous_9)
FNDA:1,(anonymous_10)
FNDA:1,(anonymous_11)
FNDA:1,(anonymous_12)
FNDA:1,(anonymous_13)
FNDA:1,(anonymous_14)
FNDA:1,(anonymous_15)
FNDA:1,(anonymous_16)
FNDA:6,(anonymous_17)
FNDA:1,(anonymous_18)
FNDA:1,(anonymous_19)
FNDA:5,(anonymous_20)
FNDA:1,(anonymous_21)
FNDA:1,(anonymous_22)
FNDA:1,(anonymous_23)
FNDA:1,(anonymous_24)
FNDA:1,(anonymous_25)
DA:30,2
DA:35,5
DA:62,5
DA:97,5
DA:107,5
DA:108,5
DA:109,50
DA:121,5
DA:202,2
DA:209,5
DA:210,0
DA:211,0
DA:213,5
DA:214,5
DA:215,5
DA:241,14
DA:242,14
DA:247,1
DA:249,1
DA:255,1
DA:263,1
DA:271,1
DA:273,6
DA:284,1
DA:286,5
DA:295,1
DA:296,1
DA:303,1
DA:308,1
DA:315,1
LF:30
LH:28
BRDA:209,0,0,0
BRDA:209,0,1,5
BRDA:261,1,0,1
BRDA:261,1,1,1
BRDA:273,2,0,1
BRDA:273,2,1,5
BRDA:286,3,0,1
BRDA:286,3,1,4
BRDA:295,4,0,1
BRDA:295,4,1,0
BRF:10
BRH:8
end_of_record
TN:
SF:src/services/aiCoach.ts
FN:183,getCoachResponse
FN:188,(anonymous_1)
FN:212,generateChallengeDescription
FN:225,generateReportSummary
FNF:4
FNH:4
FNDA:21,getCoachResponse
FNDA:21,(anonymous_1)
FNDA:10,generateChallengeDescription
FNDA:8,generateReportSummary
DA:7,2
DA:187,21
DA:188,21
DA:190,21
DA:193,21
DA:194,5
DA:196,16
DA:197,5
DA:199,11
DA:200,4
DA:202,7
DA:203,4
DA:206,3
DA:213,10
DA:219,10
DA:230,8
LF:16
LH:16
BRDA:193,0,0,5
BRDA:193,0,1,16
BRDA:193,1,0,21
BRDA:193,1,1,18
BRDA:193,1,2,17
BRDA:193,1,3,16
BRDA:196,2,0,5
BRDA:196,2,1,11
BRDA:196,3,0,16
BRDA:196,3,1,13
BRDA:196,3,2,12
BRDA:196,3,3,12
BRDA:199,4,0,4
BRDA:199,4,1,7
BRDA:199,5,0,11
BRDA:199,5,1,8
BRDA:199,5,2,7
BRDA:199,5,3,7
BRDA:202,6,0,4
BRDA:202,6,1,3
BRDA:202,7,0,7
BRDA:202,7,1,4
BRDA:202,7,2,3
BRDA:202,7,3,3
BRDA:219,8,0,10
BRDA:219,8,1,3
BRDA:230,9,0,6
BRDA:230,9,1,2
BRDA:230,10,0,6
BRDA:230,10,1,2
BRF:30
BRH:30
end_of_record
TN:
SF:src/shared/constants/index.ts
FNF:0
FNH:0
DA:9,6
DA:50,6
DA:96,6
DA:105,6
DA:114,6
DA:117,6
DA:118,6
DA:119,6
DA:120,6
DA:121,6
DA:127,6
LF:11
LH:11
BRDA:114,0,0,6
BRDA:114,0,1,6
BRF:2
BRH:2
end_of_record
TN:
SF:src/shared/utils/index.ts
FN:21,calculateTransportEmissions
FN:39,calculateFlightEmissions
FN:57,calculateMealEmissions
FN:74,calculateSustainabilityScore
FN:114,formatCarbonAmount
FN:125,formatPercent
FN:132,formatDate
FN:139,kgToTrees
FN:147,kgToDrivingKm
FN:156,generateDemoFootprintData
FN:187,(anonymous_10)
FN:197,generateDemoForecast
FN:203,(anonymous_12)
FN:230,generateSimulationResult
FN:240,(anonymous_14)
FN:261,roundToDecimals
FN:266,clamp
FN:270,getWeekRange
FN:278,getDaysBetween
FN:282,generateId
FNF:20
FNH:20
FNDA:18,calculateTransportEmissions
FNDA:11,calculateFlightEmissions
FNDA:18,calculateMealEmissions
FNDA:15,calculateSustainabilityScore
FNDA:10,formatCarbonAmount
FNDA:6,formatPercent
FNDA:4,formatDate
FNDA:8,kgToTrees
FNDA:6,kgToDrivingKm
FNDA:18,generateDemoFootprintData
FNDA:4914,(anonymous_10)
FNDA:7,generateDemoForecast
FNDA:210,(anonymous_12)
FNDA:7,generateSimulationResult
FNDA:84,(anonymous_14)
FNDA:6603,roundToDecimals
FNDA:10,clamp
FNDA:2,getWeekRange
FNDA:5,getDaysBetween
FNDA:14,generateId
DA:25,18
DA:33,18
DA:41,11
DA:42,11
DA:44,11
DA:45,6
DA:46,5
DA:47,2
DA:49,3
DA:51,11
DA:60,18
DA:66,18
DA:81,15
DA:82,15
DA:84,15
DA:88,15
DA:92,15
DA:96,15
DA:101,15
DA:106,15
DA:115,10
DA:116,10
DA:117,4
DA:119,6
DA:126,6
DA:133,4
DA:140,8
DA:141,8
DA:148,6
DA:157,18
DA:158,18
DA:159,18
DA:160,18
DA:161,18
DA:163,18
DA:164,702
DA:165,702
DA:166,702
DA:167,702
DA:168,702
DA:169,702
DA:171,702
DA:173,702
DA:183,702
DA:187,4914
DA:191,702
DA:201,7
DA:202,7
DA:203,210
DA:204,7
DA:205,7
DA:206,7
DA:208,7
DA:209,170
DA:210,170
DA:211,170
DA:212,170
DA:213,170
DA:214,170
DA:216,170
DA:224,7
DA:235,7
DA:236,7
DA:237,7
DA:238,7
DA:240,84
DA:246,7
DA:262,6603
DA:263,6603
DA:267,10
DA:271,2
DA:272,2
DA:279,5
DA:283,14
LF:74
LH:74
BRDA:33,0,0,18
BRDA:33,0,1,0
BRDA:44,1,0,6
BRDA:44,1,1,5
BRDA:46,2,0,2
BRDA:46,2,1,3
BRDA:66,3,0,18
BRDA:66,3,1,0
BRDA:96,4,0,13
BRDA:96,4,1,2
BRDA:116,5,0,4
BRDA:116,5,1,6
BRDA:126,6,0,4
BRDA:126,6,1,2
BRDA:132,7,0,4
BRDA:166,8,0,702
BRDA:166,8,1,601
BRDA:169,9,0,199
BRDA:169,9,1,503
BRDA:175,10,0,31
BRDA:175,10,1,671
BRDA:178,11,0,202
BRDA:178,11,1,500
BRF:23
BRH:21
end_of_record
TN:
SF:src/shared/utils/performance.ts
FN:11,debounce
FN:17,(anonymous_1)
FN:19,(anonymous_2)
FN:30,throttle
FN:36,(anonymous_4)
FN:52,memoize
FN:58,(anonymous_6)
FN:80,measurePerformance
FN:98,batchRead
FNF:9
FNH:9
FNDA:4,debounce
FNDA:7,(anonymous_1)
FNDA:4,(anonymous_2)
FNDA:4,throttle
FNDA:7,(anonymous_4)
FNDA:5,memoize
FNDA:14,(anonymous_6)
FNDA:4,measurePerformance
FNDA:2,batchRead
DA:15,4
DA:17,4
DA:18,7
DA:19,7
DA:20,4
DA:21,4
DA:34,4
DA:36,4
DA:37,7
DA:38,7
DA:39,5
DA:40,5
DA:56,5
DA:58,5
DA:59,14
DA:60,14
DA:61,3
DA:63,11
DA:65,11
DA:66,2
DA:68,11
DA:69,11
DA:81,4
DA:83,4
DA:84,4
DA:85,4
DA:87,4
DA:88,0
DA:91,3
DA:99,2
LF:30
LH:29
BRDA:18,0,0,3
BRDA:18,0,1,4
BRDA:38,1,0,5
BRDA:38,1,1,2
BRDA:54,2,0,5
BRDA:60,3,0,3
BRDA:60,3,1,11
BRDA:65,4,0,2
BRDA:65,4,1,9
BRDA:81,5,0,0
BRDA:81,5,1,4
BRDA:87,6,0,0
BRDA:87,6,1,4
BRF:13
BRH:11
end_of_record
TN:
SF:src/shared/utils/security.ts
FN:23,escapeHtml
FN:25,(anonymous_1)
FN:32,sanitizeInput
FN:43,sanitizeNumber
FN:57,isValidEmail
FN:67,createRateLimiter
FN:71,tryAction
FN:83,reset
FN:93,safeMarkdownToHtml
FN:105,(anonymous_9)
FN:106,(anonymous_10)
FN:107,(anonymous_11)
FNF:12
FNH:12
FNDA:35,escapeHtml
FNDA:51,(anonymous_1)
FNDA:18,sanitizeInput
FNDA:18,sanitizeNumber
FNDA:15,isValidEmail
FNDA:10,createRateLimiter
FNDA:28,tryAction
FNDA:16,reset
FNDA:17,safeMarkdownToHtml
FNDA:1,(anonymous_9)
FNDA:2,(anonymous_10)
FNDA:2,(anonymous_11)
DA:7,4
DA:17,4
DA:24,35
DA:25,51
DA:33,18
DA:36,16
DA:49,18
DA:50,18
DA:51,11
DA:58,15
DA:59,13
DA:60,13
DA:68,10
DA:70,10
DA:72,28
DA:74,28
DA:75,1
DA:77,28
DA:78,6
DA:80,22
DA:81,22
DA:84,16
DA:94,17
DA:97,16
DA:100,16
DA:106,2
DA:107,2
DA:113,16
LF:28
LH:28
BRDA:24,0,0,4
BRDA:24,0,1,31
BRDA:25,1,0,51
BRDA:25,1,1,0
BRDA:33,2,0,2
BRDA:33,2,1,16
BRDA:49,3,0,4
BRDA:49,3,1,14
BRDA:50,4,0,7
BRDA:50,4,1,11
BRDA:58,5,0,2
BRDA:58,5,1,13
BRDA:60,6,0,13
BRDA:60,6,1,5
BRDA:74,7,0,28
BRDA:74,7,1,13
BRDA:77,8,0,6
BRDA:77,8,1,22
BRDA:94,9,0,1
BRDA:94,9,1,16
BRF:20
BRH:19
end_of_record
