TN:
SF:src/app/store.ts
FN:44,createDemoUser
FN:71,createDemoChallenges
FN:106,createDemoCommunityGroups
FN:116,createDemoLeaderboard
FN:119,(anonymous_4)
FN:130,createDemoReports
FN:212,(anonymous_6)
FN:217,(anonymous_7)
FN:224,(anonymous_8)
FN:249,(anonymous_9)
FN:257,(anonymous_10)
FN:259,(anonymous_11)
FN:259,(anonymous_12)
FN:264,(anonymous_13)
FN:273,(anonymous_14)
FN:280,(anonymous_15)
FN:281,(anonymous_16)
FN:282,(anonymous_17)
FN:293,(anonymous_18)
FN:294,(anonymous_19)
FN:295,(anonymous_20)
FN:303,(anonymous_21)
FN:313,(anonymous_22)
FN:318,(anonymous_23)
FN:325,(anonymous_24)
FN:325,(anonymous_25)
FNF:26
FNH:26
FNDA:5,createDemoUser
FNDA:5,createDemoChallenges
FNDA:5,createDemoCommunityGroups
FNDA:5,createDemoLeaderboard
FNDA:50,(anonymous_4)
FNDA:5,createDemoReports
FNDA:2,(anonymous_6)
FNDA:5,(anonymous_7)
FNDA:5,(anonymous_8)
FNDA:14,(anonymous_9)
FNDA:1,(anonymous_10)
FNDA:1,(anonymous_11)
FNDA:1,(anonymous_12)
FNDA:1,(anonymous_13)
FNDA:1,(anonymous_14)
FNDA:1,(anonymous_15)
FNDA:1,(anonymous_16)
FNDA:6,(anonymous_17)
FNDA:1,(anonymous_18)
FNDA:1,(anonymous_19)
FNDA:5,(anonymous_20)
FNDA:1,(anonymous_21)
FNDA:1,(anonymous_22)
FNDA:1,(anonymous_23)
FNDA:1,(anonymous_24)
FNDA:1,(anonymous_25)
DA:40,2
DA:45,5
DA:72,5
DA:107,5
DA:117,5
DA:118,5
DA:119,50
DA:131,5
DA:212,2
DA:219,5
DA:220,0
DA:221,0
DA:223,5
DA:224,5
DA:225,5
DA:251,14
DA:252,14
DA:257,1
DA:259,1
DA:265,1
DA:273,1
DA:281,1
DA:283,6
DA:294,1
DA:296,5
DA:305,1
DA:306,1
DA:313,1
DA:318,1
DA:325,1
LF:30
LH:28
BRDA:126,0,0,50
BRDA:126,0,1,0
BRDA:219,1,0,0
BRDA:219,1,1,5
BRDA:271,2,0,1
BRDA:271,2,1,1
BRDA:283,3,0,1
BRDA:283,3,1,5
BRDA:296,4,0,1
BRDA:296,4,1,4
BRDA:305,5,0,1
BRDA:305,5,1,0
BRF:12
BRH:9
end_of_record
TN:
SF:src/services/aiCoach.ts
FN:74,detectIntent
FN:79,(anonymous_1)
FN:105,summarizeFootprint
FN:124,(anonymous_3)
FN:125,(anonymous_4)
FN:126,(anonymous_5)
FN:131,(anonymous_6)
FN:132,(anonymous_7)
FN:137,(anonymous_8)
FN:167,generateReduceResponse
FN:211,generateCompareResponse
FN:250,generatePlanResponse
FN:307,generateForecastResponse
FN:349,generateTipsResponse
FN:352,(anonymous_14)
FN:388,generateDefaultResponse
FN:435,getCoachResponse
FN:441,(anonymous_17)
FN:467,generateChallengeDescription
FN:480,generateReportSummary
FNF:20
FNH:20
FNDA:41,detectIntent
FNDA:652,(anonymous_1)
FNDA:33,summarizeFootprint
FNDA:126,(anonymous_3)
FNDA:126,(anonymous_4)
FNDA:540,(anonymous_5)
FNDA:540,(anonymous_6)
FNDA:3780,(anonymous_7)
FNDA:252,(anonymous_8)
FNDA:6,generateReduceResponse
FNDA:4,generateCompareResponse
FNDA:4,generatePlanResponse
FNDA:4,generateForecastResponse
FNDA:5,generateTipsResponse
FNDA:6,(anonymous_14)
FNDA:5,generateDefaultResponse
FNDA:28,getCoachResponse
FNDA:28,(anonymous_17)
FNDA:7,generateChallengeDescription
FNDA:5,generateReportSummary
DA:61,2
DA:75,41
DA:77,41
DA:78,135
DA:79,652
DA:80,35
DA:84,6
DA:106,33
DA:118,33
DA:120,18
DA:121,18
DA:122,18
DA:124,126
DA:125,126
DA:126,540
DA:127,33
DA:130,33
DA:131,33
DA:132,540
DA:133,3780
DA:137,252
DA:138,33
DA:139,33
DA:140,33
DA:142,33
DA:147,33
DA:149,33
DA:168,6
DA:169,6
DA:170,6
DA:171,6
DA:173,6
DA:212,4
DA:213,4
DA:214,4
DA:216,4
DA:217,4
DA:218,4
DA:219,4
DA:220,4
DA:222,4
DA:251,4
DA:252,4
DA:253,4
DA:254,4
DA:256,4
DA:308,4
DA:309,4
DA:310,4
DA:311,4
DA:312,4
DA:316,4
DA:350,5
DA:351,5
DA:352,6
DA:354,5
DA:389,5
DA:390,5
DA:392,5
DA:440,28
DA:441,28
DA:443,28
DA:444,28
DA:445,28
DA:448,28
DA:450,6
DA:452,4
DA:454,4
DA:456,4
DA:458,5
DA:460,5
DA:468,7
DA:474,7
DA:485,5
LF:74
LH:74
BRDA:78,0,0,6
BRDA:78,0,1,129
BRDA:79,1,0,35
BRDA:79,1,1,94
BRDA:118,2,0,15
BRDA:118,2,1,18
BRDA:125,3,0,18
BRDA:125,3,1,0
BRDA:133,4,0,3780
BRDA:133,4,1,126
BRDA:137,5,0,252
BRDA:137,5,1,0
BRDA:137,6,0,252
BRDA:137,6,1,0
BRDA:138,7,0,33
BRDA:138,7,1,0
BRDA:139,8,0,33
BRDA:139,8,1,0
BRDA:140,9,0,18
BRDA:140,9,1,0
BRDA:142,10,0,18
BRDA:142,10,1,0
BRDA:147,11,0,4
BRDA:147,11,1,14
BRDA:147,12,0,14
BRDA:147,12,1,0
BRDA:169,13,0,6
BRDA:169,13,1,0
BRDA:170,14,0,6
BRDA:170,14,1,3
BRDA:171,15,0,6
BRDA:171,15,1,3
BRDA:178,16,0,6
BRDA:178,16,1,0
BRDA:198,17,0,3
BRDA:198,17,1,3
BRDA:213,18,0,4
BRDA:213,18,1,2
BRDA:214,19,0,4
BRDA:214,19,1,0
BRDA:229,20,0,4
BRDA:229,20,1,0
BRDA:230,21,0,4
BRDA:230,21,1,0
BRDA:231,22,0,4
BRDA:231,22,1,0
BRDA:232,23,0,4
BRDA:232,23,1,0
BRDA:234,24,0,2
BRDA:234,24,1,2
BRDA:234,25,0,2
BRDA:234,25,1,0
BRDA:235,26,0,2
BRDA:235,26,1,2
BRDA:237,27,0,4
BRDA:237,27,1,0
BRDA:251,28,0,4
BRDA:251,28,1,0
BRDA:254,29,0,4
BRDA:254,29,1,2
BRDA:310,30,0,4
BRDA:310,30,1,0
BRDA:312,31,0,4
BRDA:312,31,1,0
BRDA:313,32,0,4
BRDA:313,32,1,0
BRDA:321,33,0,2
BRDA:321,33,1,2
BRDA:321,34,0,2
BRDA:321,34,1,0
BRDA:321,35,0,2
BRDA:321,35,1,2
BRDA:326,36,0,4
BRDA:326,36,1,0
BRDA:350,37,0,5
BRDA:350,37,1,0
BRDA:351,38,0,5
BRDA:351,38,1,2
BRDA:352,39,0,5
BRDA:352,39,1,2
BRDA:361,40,0,5
BRDA:361,40,1,2
BRDA:371,41,0,2
BRDA:371,41,1,3
BRDA:371,42,0,3
BRDA:371,42,1,0
BRDA:373,43,0,5
BRDA:373,43,1,0
BRDA:389,44,0,5
BRDA:389,44,1,0
BRDA:390,45,0,5
BRDA:390,45,1,3
BRDA:396,46,0,3
BRDA:396,46,1,2
BRDA:396,47,0,2
BRDA:396,47,1,0
BRDA:397,48,0,2
BRDA:397,48,1,3
BRDA:406,49,0,2
BRDA:406,49,1,3
BRDA:406,50,0,5
BRDA:406,50,1,2
BRDA:444,51,0,28
BRDA:444,51,1,14
BRDA:445,52,0,28
BRDA:445,52,1,14
BRDA:448,53,0,6
BRDA:448,53,1,4
BRDA:448,53,2,4
BRDA:448,53,3,4
BRDA:448,53,4,5
BRDA:448,53,5,5
BRDA:474,54,0,7
BRDA:474,54,1,2
BRDA:474,54,2,0
BRDA:485,55,0,3
BRDA:485,55,1,2
BRDA:485,56,0,3
BRDA:485,56,1,2
BRF:119
BRH:90
end_of_record
TN:
SF:src/shared/constants/index.ts
FNF:0
FNH:0
DA:9,8
DA:50,8
DA:96,8
DA:105,8
DA:114,8
DA:117,8
DA:118,8
DA:119,8
DA:120,8
DA:121,8
DA:127,8
LF:11
LH:11
BRDA:114,0,0,8
BRDA:114,0,1,8
BRF:2
BRH:2
end_of_record
TN:
SF:src/shared/utils/index.ts
FN:30,calculateTransportEmissions
FN:48,calculateFlightEmissions
FN:66,calculateMealEmissions
FN:83,calculateSustainabilityScore
FN:123,formatCarbonAmount
FN:134,formatPercent
FN:141,formatDate
FN:148,kgToTrees
FN:156,kgToDrivingKm
FN:165,generateDemoFootprintData
FN:196,(anonymous_10)
FN:206,generateDemoForecast
FN:212,(anonymous_12)
FN:239,generateSimulationResult
FN:249,(anonymous_14)
FN:270,roundToDecimals
FN:275,clamp
FN:279,getWeekRange
FN:287,getDaysBetween
FN:291,generateId
FNF:20
FNH:20
FNDA:18,calculateTransportEmissions
FNDA:11,calculateFlightEmissions
FNDA:18,calculateMealEmissions
FNDA:15,calculateSustainabilityScore
FNDA:99,formatCarbonAmount
FNDA:6,formatPercent
FNDA:4,formatDate
FNDA:8,kgToTrees
FNDA:6,kgToDrivingKm
FNDA:18,generateDemoFootprintData
FNDA:4914,(anonymous_10)
FNDA:7,generateDemoForecast
FNDA:210,(anonymous_12)
FNDA:7,generateSimulationResult
FNDA:84,(anonymous_14)
FNDA:6892,roundToDecimals
FNDA:10,clamp
FNDA:2,getWeekRange
FNDA:5,getDaysBetween
FNDA:14,generateId
DA:34,18
DA:42,18
DA:50,11
DA:51,11
DA:53,11
DA:54,6
DA:55,5
DA:56,2
DA:58,3
DA:60,11
DA:69,18
DA:75,18
DA:90,15
DA:91,15
DA:93,15
DA:97,15
DA:101,15
DA:105,15
DA:110,15
DA:115,15
DA:124,99
DA:125,99
DA:126,28
DA:128,71
DA:135,6
DA:142,4
DA:149,8
DA:150,8
DA:157,6
DA:166,18
DA:167,18
DA:168,18
DA:169,18
DA:170,18
DA:172,18
DA:173,702
DA:174,702
DA:175,702
DA:176,702
DA:177,702
DA:178,702
DA:180,702
DA:182,702
DA:192,702
DA:196,4914
DA:200,702
DA:210,7
DA:211,7
DA:212,210
DA:213,7
DA:214,7
DA:215,7
DA:217,7
DA:218,170
DA:219,170
DA:220,170
DA:221,170
DA:222,170
DA:223,170
DA:225,170
DA:233,7
DA:244,7
DA:245,7
DA:246,7
DA:247,7
DA:249,84
DA:255,7
DA:271,6892
DA:272,6892
DA:276,10
DA:280,2
DA:281,2
DA:288,5
DA:292,14
LF:74
LH:74
BRDA:42,0,0,18
BRDA:42,0,1,0
BRDA:53,1,0,6
BRDA:53,1,1,5
BRDA:55,2,0,2
BRDA:55,2,1,3
BRDA:75,3,0,18
BRDA:75,3,1,0
BRDA:105,4,0,13
BRDA:105,4,1,2
BRDA:125,5,0,28
BRDA:125,5,1,71
BRDA:135,6,0,4
BRDA:135,6,1,2
BRDA:141,7,0,4
BRDA:175,8,0,702
BRDA:175,8,1,594
BRDA:178,9,0,216
BRDA:178,9,1,486
BRDA:184,10,0,30
BRDA:184,10,1,672
BRDA:187,11,0,206
BRDA:187,11,1,496
BRF:23
BRH:21
end_of_record
TN:
SF:src/shared/utils/performance.ts
FN:11,debounce
FN:17,(anonymous_1)
FN:19,(anonymous_2)
FN:30,throttle
FN:36,(anonymous_4)
FN:52,memoize
FN:58,(anonymous_6)
FN:83,measurePerformance
FN:101,batchRead
FNF:9
FNH:9
FNDA:4,debounce
FNDA:7,(anonymous_1)
FNDA:4,(anonymous_2)
FNDA:4,throttle
FNDA:7,(anonymous_4)
FNDA:5,memoize
FNDA:14,(anonymous_6)
FNDA:4,measurePerformance
FNDA:2,batchRead
DA:15,4
DA:17,4
DA:18,7
DA:19,7
DA:20,4
DA:21,4
DA:34,4
DA:36,4
DA:37,7
DA:38,7
DA:39,5
DA:40,5
DA:56,5
DA:58,5
DA:59,14
DA:60,14
DA:61,3
DA:63,11
DA:65,11
DA:66,2
DA:67,2
DA:68,2
DA:71,11
DA:72,11
DA:84,4
DA:86,4
DA:87,4
DA:88,4
DA:90,4
DA:91,0
DA:94,3
DA:102,2
LF:32
LH:31
BRDA:18,0,0,3
BRDA:18,0,1,4
BRDA:38,1,0,5
BRDA:38,1,1,2
BRDA:54,2,0,5
BRDA:60,3,0,3
BRDA:60,3,1,11
BRDA:65,4,0,2
BRDA:65,4,1,9
BRDA:67,5,0,2
BRDA:67,5,1,0
BRDA:84,6,0,0
BRDA:84,6,1,4
BRDA:90,7,0,0
BRDA:90,7,1,4
BRF:15
BRH:12
end_of_record
TN:
SF:src/shared/utils/security.ts
FN:23,escapeHtml
FN:25,(anonymous_1)
FN:32,sanitizeInput
FN:43,sanitizeNumber
FN:57,isValidEmail
FN:67,createRateLimiter
FN:71,tryAction
FN:83,reset
FN:93,safeMarkdownToHtml
FN:105,(anonymous_9)
FN:106,(anonymous_10)
FN:107,(anonymous_11)
FNF:12
FNH:12
FNDA:35,escapeHtml
FNDA:51,(anonymous_1)
FNDA:18,sanitizeInput
FNDA:18,sanitizeNumber
FNDA:15,isValidEmail
FNDA:10,createRateLimiter
FNDA:28,tryAction
FNDA:16,reset
FNDA:17,safeMarkdownToHtml
FNDA:1,(anonymous_9)
FNDA:2,(anonymous_10)
FNDA:2,(anonymous_11)
DA:7,4
DA:17,4
DA:24,35
DA:25,51
DA:33,18
DA:36,16
DA:49,18
DA:50,18
DA:51,11
DA:58,15
DA:59,13
DA:60,13
DA:68,10
DA:70,10
DA:72,28
DA:74,28
DA:75,1
DA:77,28
DA:78,6
DA:80,22
DA:81,22
DA:84,16
DA:94,17
DA:97,16
DA:100,16
DA:106,2
DA:107,2
DA:113,16
LF:28
LH:28
BRDA:24,0,0,4
BRDA:24,0,1,31
BRDA:25,1,0,51
BRDA:25,1,1,0
BRDA:33,2,0,2
BRDA:33,2,1,16
BRDA:49,3,0,4
BRDA:49,3,1,14
BRDA:50,4,0,7
BRDA:50,4,1,11
BRDA:58,5,0,2
BRDA:58,5,1,13
BRDA:60,6,0,13
BRDA:60,6,1,5
BRDA:74,7,0,28
BRDA:74,7,1,13
BRDA:74,8,0,13
BRDA:74,8,1,0
BRDA:77,9,0,6
BRDA:77,9,1,22
BRDA:94,10,0,1
BRDA:94,10,1,16
BRF:22
BRH:20
end_of_record
